[DEBUG] 2025-04-19 22:19:07.815 [main] PackageRelationshipCollection - Parsing relationship: /xl/worksheets/_rels/sheet1.xml.rels
[DEBUG] 2025-04-19 22:19:07.816 [main] PackageRelationshipCollection - Parsing relationship: /_rels/.rels
[DEBUG] 2025-04-19 22:19:07.821 [main] POIXMLFactory - using default POIXMLDocumentPart for http://schemas.openxmlformats.org/officeDocument/2006/relationships/printerSettings
[DEBUG] 2025-04-19 22:19:07.826 [main] PackageRelationshipCollection - Parsing relationship: /xl/_rels/workbook.xml.rels
[DEBUG] 2025-04-19 22:19:07.827 [main] PackageRelationshipCollection - Parsing relationship: /xl/worksheets/_rels/sheet1.xml.rels
[DEBUG] 2025-04-19 22:19:07.827 [main] PackageRelationshipCollection - Parsing relationship: /_rels/.rels
[DEBUG] 2025-04-19 22:19:07.831 [main] POIXMLFactory - using default POIXMLDocumentPart for http://schemas.openxmlformats.org/officeDocument/2006/relationships/printerSettings
[DEBUG] 2025-04-19 22:19:07.835 [main] PackageRelationshipCollection - Parsing relationship: /xl/_rels/workbook.xml.rels
[DEBUG] 2025-04-19 22:19:07.835 [main] PackageRelationshipCollection - Parsing relationship: /xl/worksheets/_rels/sheet1.xml.rels
[DEBUG] 2025-04-19 22:19:07.835 [main] PackageRelationshipCollection - Parsing relationship: /_rels/.rels
[DEBUG] 2025-04-19 22:19:07.839 [main] POIXMLFactory - using default POIXMLDocumentPart for http://schemas.openxmlformats.org/officeDocument/2006/relationships/printerSettings
[DEBUG] 2025-04-19 22:19:07.843 [main] PackageRelationshipCollection - Parsing relationship: /xl/_rels/workbook.xml.rels
[DEBUG] 2025-04-19 22:19:07.843 [main] PackageRelationshipCollection - Parsing relationship: /xl/worksheets/_rels/sheet1.xml.rels
[DEBUG] 2025-04-19 22:19:07.844 [main] PackageRelationshipCollection - Parsing relationship: /_rels/.rels
[DEBUG] 2025-04-19 22:19:07.847 [main] POIXMLFactory - using default POIXMLDocumentPart for http://schemas.openxmlformats.org/officeDocument/2006/relationships/printerSettings
[DEBUG] 2025-04-19 22:19:07.851 [main] PackageRelationshipCollection - Parsing relationship: /xl/_rels/workbook.xml.rels
[DEBUG] 2025-04-19 22:19:07.852 [main] PackageRelationshipCollection - Parsing relationship: /xl/worksheets/_rels/sheet1.xml.rels
[DEBUG] 2025-04-19 22:19:07.852 [main] PackageRelationshipCollection - Parsing relationship: /_rels/.rels
[DEBUG] 2025-04-19 22:19:07.857 [main] POIXMLFactory - using default POIXMLDocumentPart for http://schemas.openxmlformats.org/officeDocument/2006/relationships/printerSettings
[DEBUG] 2025-04-19 22:19:07.862 [main] PackageRelationshipCollection - Parsing relationship: /xl/_rels/workbook.xml.rels
[DEBUG] 2025-04-19 22:19:07.862 [main] PackageRelationshipCollection - Parsing relationship: /xl/worksheets/_rels/sheet1.xml.rels
[DEBUG] 2025-04-19 22:19:07.862 [main] PackageRelationshipCollection - Parsing relationship: /_rels/.rels
[DEBUG] 2025-04-19 22:19:07.867 [main] POIXMLFactory - using default POIXMLDocumentPart for http://schemas.openxmlformats.org/officeDocument/2006/relationships/printerSettings
[DEBUG] 2025-04-19 22:19:07.871 [main] PackageRelationshipCollection - Parsing relationship: /xl/_rels/workbook.xml.rels
[DEBUG] 2025-04-19 22:19:07.871 [main] PackageRelationshipCollection - Parsing relationship: /xl/worksheets/_rels/sheet1.xml.rels
[DEBUG] 2025-04-19 22:19:07.872 [main] PackageRelationshipCollection - Parsing relationship: /_rels/.rels
[DEBUG] 2025-04-19 22:19:07.875 [main] POIXMLFactory - using default POIXMLDocumentPart for http://schemas.openxmlformats.org/officeDocument/2006/relationships/printerSettings
[DEBUG] 2025-04-19 22:19:07.878 [main] PackageRelationshipCollection - Parsing relationship: /xl/_rels/workbook.xml.rels
[DEBUG] 2025-04-19 22:19:07.878 [main] PackageRelationshipCollection - Parsing relationship: /xl/worksheets/_rels/sheet1.xml.rels
[DEBUG] 2025-04-19 22:19:07.879 [main] PackageRelationshipCollection - Parsing relationship: /_rels/.rels
[DEBUG] 2025-04-19 22:19:07.882 [main] POIXMLFactory - using default POIXMLDocumentPart for http://schemas.openxmlformats.org/officeDocument/2006/relationships/printerSettings
[DEBUG] 2025-04-19 22:19:07.886 [main] PackageRelationshipCollection - Parsing relationship: /xl/_rels/workbook.xml.rels
[DEBUG] 2025-04-19 22:19:07.886 [main] PackageRelationshipCollection - Parsing relationship: /xl/worksheets/_rels/sheet1.xml.rels
[DEBUG] 2025-04-19 22:19:07.886 [main] PackageRelationshipCollection - Parsing relationship: /_rels/.rels
[DEBUG] 2025-04-19 22:19:07.889 [main] POIXMLFactory - using default POIXMLDocumentPart for http://schemas.openxmlformats.org/officeDocument/2006/relationships/printerSettings
[DEBUG] 2025-04-19 22:19:07.892 [main] PackageRelationshipCollection - Parsing relationship: /xl/_rels/workbook.xml.rels
[DEBUG] 2025-04-19 22:19:07.893 [main] PackageRelationshipCollection - Parsing relationship: /xl/worksheets/_rels/sheet1.xml.rels
[DEBUG] 2025-04-19 22:19:07.893 [main] PackageRelationshipCollection - Parsing relationship: /_rels/.rels
[DEBUG] 2025-04-19 22:19:07.896 [main] POIXMLFactory - using default POIXMLDocumentPart for http://schemas.openxmlformats.org/officeDocument/2006/relationships/printerSettings
[DEBUG] 2025-04-19 22:19:07.899 [main] PackageRelationshipCollection - Parsing relationship: /xl/_rels/workbook.xml.rels
[DEBUG] 2025-04-19 22:19:07.899 [main] PackageRelationshipCollection - Parsing relationship: /xl/worksheets/_rels/sheet1.xml.rels
[DEBUG] 2025-04-19 22:19:07.899 [main] PackageRelationshipCollection - Parsing relationship: /_rels/.rels
[DEBUG] 2025-04-19 22:19:07.902 [main] POIXMLFactory - using default POIXMLDocumentPart for http://schemas.openxmlformats.org/officeDocument/2006/relationships/printerSettings
[DEBUG] 2025-04-19 22:19:07.905 [main] PackageRelationshipCollection - Parsing relationship: /xl/_rels/workbook.xml.rels
[DEBUG] 2025-04-19 22:19:07.906 [main] PackageRelationshipCollection - Parsing relationship: /xl/worksheets/_rels/sheet1.xml.rels
[DEBUG] 2025-04-19 22:19:07.906 [main] PackageRelationshipCollection - Parsing relationship: /_rels/.rels
[DEBUG] 2025-04-19 22:19:07.908 [main] POIXMLFactory - using default POIXMLDocumentPart for http://schemas.openxmlformats.org/officeDocument/2006/relationships/printerSettings
[DEBUG] 2025-04-19 22:19:07.912 [main] PackageRelationshipCollection - Parsing relationship: /xl/_rels/workbook.xml.rels
[DEBUG] 2025-04-19 22:19:07.912 [main] PackageRelationshipCollection - Parsing relationship: /xl/worksheets/_rels/sheet1.xml.rels
[DEBUG] 2025-04-19 22:19:07.913 [main] PackageRelationshipCollection - Parsing relationship: /_rels/.rels
[DEBUG] 2025-04-19 22:19:07.915 [main] POIXMLFactory - using default POIXMLDocumentPart for http://schemas.openxmlformats.org/officeDocument/2006/relationships/printerSettings
[DEBUG] 2025-04-19 22:19:07.918 [main] PackageRelationshipCollection - Parsing relationship: /xl/_rels/workbook.xml.rels
[DEBUG] 2025-04-19 22:19:07.919 [main] PackageRelationshipCollection - Parsing relationship: /xl/worksheets/_rels/sheet1.xml.rels
[DEBUG] 2025-04-19 22:19:07.919 [main] PackageRelationshipCollection - Parsing relationship: /_rels/.rels
[DEBUG] 2025-04-19 22:19:07.921 [main] POIXMLFactory - using default POIXMLDocumentPart for http://schemas.openxmlformats.org/officeDocument/2006/relationships/printerSettings
[DEBUG] 2025-04-19 22:19:07.926 [main] PackageRelationshipCollection - Parsing relationship: /xl/_rels/workbook.xml.rels
[DEBUG] 2025-04-19 22:19:07.926 [main] PackageRelationshipCollection - Parsing relationship: /xl/worksheets/_rels/sheet1.xml.rels
[DEBUG] 2025-04-19 22:19:07.926 [main] PackageRelationshipCollection - Parsing relationship: /_rels/.rels
[DEBUG] 2025-04-19 22:19:07.931 [main] POIXMLFactory - using default POIXMLDocumentPart for http://schemas.openxmlformats.org/officeDocument/2006/relationships/printerSettings
[DEBUG] 2025-04-19 22:19:07.936 [main] PackageRelationshipCollection - Parsing relationship: /xl/_rels/workbook.xml.rels
[DEBUG] 2025-04-19 22:19:07.936 [main] PackageRelationshipCollection - Parsing relationship: /xl/worksheets/_rels/sheet1.xml.rels
[DEBUG] 2025-04-19 22:19:07.937 [main] PackageRelationshipCollection - Parsing relationship: /_rels/.rels
[DEBUG] 2025-04-19 22:19:07.940 [main] POIXMLFactory - using default POIXMLDocumentPart for http://schemas.openxmlformats.org/officeDocument/2006/relationships/printerSettings
[DEBUG] 2025-04-19 22:19:07.945 [main] PackageRelationshipCollection - Parsing relationship: /xl/_rels/workbook.xml.rels
[DEBUG] 2025-04-19 22:19:07.946 [main] PackageRelationshipCollection - Parsing relationship: /xl/worksheets/_rels/sheet1.xml.rels
[DEBUG] 2025-04-19 22:19:07.946 [main] PackageRelationshipCollection - Parsing relationship: /_rels/.rels
[DEBUG] 2025-04-19 22:19:07.951 [main] POIXMLFactory - using default POIXMLDocumentPart for http://schemas.openxmlformats.org/officeDocument/2006/relationships/printerSettings
[DEBUG] 2025-04-19 22:19:07.955 [main] PackageRelationshipCollection - Parsing relationship: /xl/_rels/workbook.xml.rels
[DEBUG] 2025-04-19 22:19:07.956 [main] PackageRelationshipCollection - Parsing relationship: /xl/worksheets/_rels/sheet1.xml.rels
[DEBUG] 2025-04-19 22:19:07.956 [main] PackageRelationshipCollection - Parsing relationship: /_rels/.rels
[DEBUG] 2025-04-19 22:19:07.961 [main] POIXMLFactory - using default POIXMLDocumentPart for http://schemas.openxmlformats.org/officeDocument/2006/relationships/printerSettings
[DEBUG] 2025-04-19 22:19:07.965 [main] PackageRelationshipCollection - Parsing relationship: /xl/_rels/workbook.xml.rels
[DEBUG] 2025-04-19 22:19:07.965 [main] PackageRelationshipCollection - Parsing relationship: /xl/worksheets/_rels/sheet1.xml.rels
[DEBUG] 2025-04-19 22:19:07.966 [main] PackageRelationshipCollection - Parsing relationship: /_rels/.rels
[DEBUG] 2025-04-19 22:19:07.970 [main] POIXMLFactory - using default POIXMLDocumentPart for http://schemas.openxmlformats.org/officeDocument/2006/relationships/printerSettings
[DEBUG] 2025-04-19 22:19:07.975 [main] PackageRelationshipCollection - Parsing relationship: /xl/_rels/workbook.xml.rels
[DEBUG] 2025-04-19 22:19:07.976 [main] PackageRelationshipCollection - Parsing relationship: /xl/worksheets/_rels/sheet1.xml.rels
[DEBUG] 2025-04-19 22:19:07.976 [main] PackageRelationshipCollection - Parsing relationship: /_rels/.rels
[DEBUG] 2025-04-19 22:19:07.982 [main] POIXMLFactory - using default POIXMLDocumentPart for http://schemas.openxmlformats.org/officeDocument/2006/relationships/printerSettings
[DEBUG] 2025-04-19 22:19:07.988 [main] PackageRelationshipCollection - Parsing relationship: /xl/_rels/workbook.xml.rels
[DEBUG] 2025-04-19 22:19:07.990 [main] PackageRelationshipCollection - Parsing relationship: /xl/worksheets/_rels/sheet1.xml.rels
[DEBUG] 2025-04-19 22:19:07.990 [main] PackageRelationshipCollection - Parsing relationship: /_rels/.rels
[DEBUG] 2025-04-19 22:19:07.994 [main] POIXMLFactory - using default POIXMLDocumentPart for http://schemas.openxmlformats.org/officeDocument/2006/relationships/printerSettings
[DEBUG] 2025-04-19 22:19:08.000 [main] PackageRelationshipCollection - Parsing relationship: /xl/_rels/workbook.xml.rels
[DEBUG] 2025-04-19 22:19:08.001 [main] PackageRelationshipCollection - Parsing relationship: /xl/worksheets/_rels/sheet1.xml.rels
[DEBUG] 2025-04-19 22:19:08.001 [main] PackageRelationshipCollection - Parsing relationship: /_rels/.rels
[DEBUG] 2025-04-19 22:19:08.007 [main] POIXMLFactory - using default POIXMLDocumentPart for http://schemas.openxmlformats.org/officeDocument/2006/relationships/printerSettings
[DEBUG] 2025-04-19 22:19:08.012 [main] PackageRelationshipCollection - Parsing relationship: /xl/_rels/workbook.xml.rels
[DEBUG] 2025-04-19 22:19:08.013 [main] PackageRelationshipCollection - Parsing relationship: /xl/worksheets/_rels/sheet1.xml.rels
[DEBUG] 2025-04-19 22:19:08.013 [main] PackageRelationshipCollection - Parsing relationship: /_rels/.rels
[DEBUG] 2025-04-19 22:19:08.018 [main] POIXMLFactory - using default POIXMLDocumentPart for http://schemas.openxmlformats.org/officeDocument/2006/relationships/printerSettings
[DEBUG] 2025-04-19 22:19:08.023 [main] PackageRelationshipCollection - Parsing relationship: /xl/_rels/workbook.xml.rels
[DEBUG] 2025-04-19 22:19:08.024 [main] PackageRelationshipCollection - Parsing relationship: /xl/worksheets/_rels/sheet1.xml.rels
[DEBUG] 2025-04-19 22:19:08.024 [main] PackageRelationshipCollection - Parsing relationship: /_rels/.rels
[DEBUG] 2025-04-19 22:19:08.031 [main] POIXMLFactory - using default POIXMLDocumentPart for http://schemas.openxmlformats.org/officeDocument/2006/relationships/printerSettings
[DEBUG] 2025-04-19 22:19:08.038 [main] PackageRelationshipCollection - Parsing relationship: /xl/_rels/workbook.xml.rels
[DEBUG] 2025-04-19 22:19:08.039 [main] PackageRelationshipCollection - Parsing relationship: /xl/worksheets/_rels/sheet1.xml.rels
[DEBUG] 2025-04-19 22:19:08.039 [main] PackageRelationshipCollection - Parsing relationship: /_rels/.rels
[DEBUG] 2025-04-19 22:19:08.045 [main] POIXMLFactory - using default POIXMLDocumentPart for http://schemas.openxmlformats.org/officeDocument/2006/relationships/printerSettings
[DEBUG] 2025-04-19 22:19:08.051 [main] PackageRelationshipCollection - Parsing relationship: /xl/_rels/workbook.xml.rels
[DEBUG] 2025-04-19 22:19:08.052 [main] PackageRelationshipCollection - Parsing relationship: /xl/worksheets/_rels/sheet1.xml.rels
[DEBUG] 2025-04-19 22:19:08.052 [main] PackageRelationshipCollection - Parsing relationship: /_rels/.rels
[DEBUG] 2025-04-19 22:19:08.058 [main] POIXMLFactory - using default POIXMLDocumentPart for http://schemas.openxmlformats.org/officeDocument/2006/relationships/printerSettings
[DEBUG] 2025-04-19 22:19:08.064 [main] PackageRelationshipCollection - Parsing relationship: /xl/_rels/workbook.xml.rels
[DEBUG] 2025-04-19 22:19:08.064 [main] PackageRelationshipCollection - Parsing relationship: /xl/worksheets/_rels/sheet1.xml.rels
[DEBUG] 2025-04-19 22:19:08.064 [main] PackageRelationshipCollection - Parsing relationship: /_rels/.rels
[DEBUG] 2025-04-19 22:19:08.071 [main] POIXMLFactory - using default POIXMLDocumentPart for http://schemas.openxmlformats.org/officeDocument/2006/relationships/printerSettings
[DEBUG] 2025-04-19 22:19:08.081 [main] PackageRelationshipCollection - Parsing relationship: /xl/_rels/workbook.xml.rels
[DEBUG] 2025-04-19 22:19:08.081 [main] PackageRelationshipCollection - Parsing relationship: /xl/worksheets/_rels/sheet1.xml.rels
[DEBUG] 2025-04-19 22:19:08.082 [main] PackageRelationshipCollection - Parsing relationship: /_rels/.rels
[DEBUG] 2025-04-19 22:19:08.090 [main] POIXMLFactory - using default POIXMLDocumentPart for http://schemas.openxmlformats.org/officeDocument/2006/relationships/printerSettings
[DEBUG] 2025-04-19 22:19:08.097 [main] PackageRelationshipCollection - Parsing relationship: /xl/_rels/workbook.xml.rels
[DEBUG] 2025-04-19 22:19:08.098 [main] PackageRelationshipCollection - Parsing relationship: /xl/worksheets/_rels/sheet1.xml.rels
[DEBUG] 2025-04-19 22:19:08.098 [main] PackageRelationshipCollection - Parsing relationship: /_rels/.rels
[DEBUG] 2025-04-19 22:19:08.103 [main] POIXMLFactory - using default POIXMLDocumentPart for http://schemas.openxmlformats.org/officeDocument/2006/relationships/printerSettings
[DEBUG] 2025-04-19 22:19:08.109 [main] PackageRelationshipCollection - Parsing relationship: /xl/_rels/workbook.xml.rels
[DEBUG] 2025-04-19 22:19:08.110 [main] PackageRelationshipCollection - Parsing relationship: /xl/worksheets/_rels/sheet1.xml.rels
[DEBUG] 2025-04-19 22:19:08.110 [main] PackageRelationshipCollection - Parsing relationship: /_rels/.rels
[DEBUG] 2025-04-19 22:19:08.116 [main] POIXMLFactory - using default POIXMLDocumentPart for http://schemas.openxmlformats.org/officeDocument/2006/relationships/printerSettings
[DEBUG] 2025-04-19 22:19:08.120 [main] PackageRelationshipCollection - Parsing relationship: /xl/_rels/workbook.xml.rels
[DEBUG] 2025-04-19 22:19:08.121 [main] PackageRelationshipCollection - Parsing relationship: /xl/worksheets/_rels/sheet1.xml.rels
[DEBUG] 2025-04-19 22:19:08.121 [main] PackageRelationshipCollection - Parsing relationship: /_rels/.rels
[DEBUG] 2025-04-19 22:19:08.125 [main] POIXMLFactory - using default POIXMLDocumentPart for http://schemas.openxmlformats.org/officeDocument/2006/relationships/printerSettings
[DEBUG] 2025-04-19 22:19:08.130 [main] PackageRelationshipCollection - Parsing relationship: /xl/_rels/workbook.xml.rels
[DEBUG] 2025-04-19 22:19:08.131 [main] PackageRelationshipCollection - Parsing relationship: /xl/worksheets/_rels/sheet1.xml.rels
[DEBUG] 2025-04-19 22:19:08.131 [main] PackageRelationshipCollection - Parsing relationship: /_rels/.rels
[DEBUG] 2025-04-19 22:19:08.135 [main] POIXMLFactory - using default POIXMLDocumentPart for http://schemas.openxmlformats.org/officeDocument/2006/relationships/printerSettings
[DEBUG] 2025-04-19 22:19:08.140 [main] PackageRelationshipCollection - Parsing relationship: /xl/_rels/workbook.xml.rels
[DEBUG] 2025-04-19 22:19:08.141 [main] PackageRelationshipCollection - Parsing relationship: /xl/worksheets/_rels/sheet1.xml.rels
[DEBUG] 2025-04-19 22:19:08.141 [main] PackageRelationshipCollection - Parsing relationship: /_rels/.rels
[DEBUG] 2025-04-19 22:19:08.145 [main] POIXMLFactory - using default POIXMLDocumentPart for http://schemas.openxmlformats.org/officeDocument/2006/relationships/printerSettings
[DEBUG] 2025-04-19 22:19:08.151 [main] PackageRelationshipCollection - Parsing relationship: /xl/_rels/workbook.xml.rels
[DEBUG] 2025-04-19 22:19:08.151 [main] PackageRelationshipCollection - Parsing relationship: /xl/worksheets/_rels/sheet1.xml.rels
[DEBUG] 2025-04-19 22:19:08.151 [main] PackageRelationshipCollection - Parsing relationship: /_rels/.rels
[DEBUG] 2025-04-19 22:19:08.155 [main] POIXMLFactory - using default POIXMLDocumentPart for http://schemas.openxmlformats.org/officeDocument/2006/relationships/printerSettings
[DEBUG] 2025-04-19 22:19:08.159 [main] PackageRelationshipCollection - Parsing relationship: /xl/_rels/workbook.xml.rels
[DEBUG] 2025-04-19 22:19:08.160 [main] PackageRelationshipCollection - Parsing relationship: /xl/worksheets/_rels/sheet1.xml.rels
[DEBUG] 2025-04-19 22:19:08.160 [main] PackageRelationshipCollection - Parsing relationship: /_rels/.rels
[DEBUG] 2025-04-19 22:19:08.164 [main] POIXMLFactory - using default POIXMLDocumentPart for http://schemas.openxmlformats.org/officeDocument/2006/relationships/printerSettings
[DEBUG] 2025-04-19 22:19:08.169 [main] PackageRelationshipCollection - Parsing relationship: /xl/_rels/workbook.xml.rels
[DEBUG] 2025-04-19 22:19:08.169 [main] PackageRelationshipCollection - Parsing relationship: /xl/worksheets/_rels/sheet1.xml.rels
[DEBUG] 2025-04-19 22:19:08.170 [main] PackageRelationshipCollection - Parsing relationship: /_rels/.rels
[DEBUG] 2025-04-19 22:19:08.173 [main] POIXMLFactory - using default POIXMLDocumentPart for http://schemas.openxmlformats.org/officeDocument/2006/relationships/printerSettings
[DEBUG] 2025-04-19 22:19:08.179 [main] PackageRelationshipCollection - Parsing relationship: /xl/_rels/workbook.xml.rels
[DEBUG] 2025-04-19 22:19:08.179 [main] PackageRelationshipCollection - Parsing relationship: /xl/worksheets/_rels/sheet1.xml.rels
[DEBUG] 2025-04-19 22:19:08.179 [main] PackageRelationshipCollection - Parsing relationship: /_rels/.rels
[DEBUG] 2025-04-19 22:19:08.183 [main] POIXMLFactory - using default POIXMLDocumentPart for http://schemas.openxmlformats.org/officeDocument/2006/relationships/printerSettings
[DEBUG] 2025-04-19 22:19:08.189 [main] PackageRelationshipCollection - Parsing relationship: /xl/_rels/workbook.xml.rels
[DEBUG] 2025-04-19 22:19:08.190 [main] PackageRelationshipCollection - Parsing relationship: /xl/worksheets/_rels/sheet1.xml.rels
[DEBUG] 2025-04-19 22:19:08.190 [main] PackageRelationshipCollection - Parsing relationship: /_rels/.rels
[DEBUG] 2025-04-19 22:19:08.194 [main] POIXMLFactory - using default POIXMLDocumentPart for http://schemas.openxmlformats.org/officeDocument/2006/relationships/printerSettings
[DEBUG] 2025-04-19 22:19:08.200 [main] PackageRelationshipCollection - Parsing relationship: /xl/_rels/workbook.xml.rels
[DEBUG] 2025-04-19 22:19:08.200 [main] PackageRelationshipCollection - Parsing relationship: /xl/worksheets/_rels/sheet1.xml.rels
[DEBUG] 2025-04-19 22:19:08.200 [main] PackageRelationshipCollection - Parsing relationship: /_rels/.rels
[DEBUG] 2025-04-19 22:19:08.205 [main] POIXMLFactory - using default POIXMLDocumentPart for http://schemas.openxmlformats.org/officeDocument/2006/relationships/printerSettings
[DEBUG] 2025-04-19 22:19:08.211 [main] PackageRelationshipCollection - Parsing relationship: /xl/_rels/workbook.xml.rels
[DEBUG] 2025-04-19 22:19:08.211 [main] PackageRelationshipCollection - Parsing relationship: /xl/worksheets/_rels/sheet1.xml.rels
[DEBUG] 2025-04-19 22:19:08.211 [main] PackageRelationshipCollection - Parsing relationship: /_rels/.rels
[DEBUG] 2025-04-19 22:19:08.216 [main] POIXMLFactory - using default POIXMLDocumentPart for http://schemas.openxmlformats.org/officeDocument/2006/relationships/printerSettings
[DEBUG] 2025-04-19 22:19:08.220 [main] PackageRelationshipCollection - Parsing relationship: /xl/_rels/workbook.xml.rels
[DEBUG] 2025-04-19 22:19:08.220 [main] PackageRelationshipCollection - Parsing relationship: /xl/worksheets/_rels/sheet1.xml.rels
[DEBUG] 2025-04-19 22:19:08.221 [main] PackageRelationshipCollection - Parsing relationship: /_rels/.rels
[DEBUG] 2025-04-19 22:19:08.225 [main] POIXMLFactory - using default POIXMLDocumentPart for http://schemas.openxmlformats.org/officeDocument/2006/relationships/printerSettings
[DEBUG] 2025-04-19 22:19:08.230 [main] PackageRelationshipCollection - Parsing relationship: /xl/_rels/workbook.xml.rels
[DEBUG] 2025-04-19 22:19:08.230 [main] PackageRelationshipCollection - Parsing relationship: /xl/worksheets/_rels/sheet1.xml.rels
[DEBUG] 2025-04-19 22:19:08.230 [main] PackageRelationshipCollection - Parsing relationship: /_rels/.rels
[DEBUG] 2025-04-19 22:19:08.234 [main] POIXMLFactory - using default POIXMLDocumentPart for http://schemas.openxmlformats.org/officeDocument/2006/relationships/printerSettings
[DEBUG] 2025-04-19 22:19:08.240 [main] PackageRelationshipCollection - Parsing relationship: /xl/_rels/workbook.xml.rels
[DEBUG] 2025-04-19 22:19:08.240 [main] PackageRelationshipCollection - Parsing relationship: /xl/worksheets/_rels/sheet1.xml.rels
[DEBUG] 2025-04-19 22:19:08.240 [main] PackageRelationshipCollection - Parsing relationship: /_rels/.rels
[DEBUG] 2025-04-19 22:19:08.244 [main] POIXMLFactory - using default POIXMLDocumentPart for http://schemas.openxmlformats.org/officeDocument/2006/relationships/printerSettings
[DEBUG] 2025-04-19 22:19:08.250 [main] PackageRelationshipCollection - Parsing relationship: /xl/_rels/workbook.xml.rels
[DEBUG] 2025-04-19 22:19:08.250 [main] PackageRelationshipCollection - Parsing relationship: /xl/worksheets/_rels/sheet1.xml.rels
[DEBUG] 2025-04-19 22:19:08.250 [main] PackageRelationshipCollection - Parsing relationship: /_rels/.rels
[DEBUG] 2025-04-19 22:19:08.256 [main] POIXMLFactory - using default POIXMLDocumentPart for http://schemas.openxmlformats.org/officeDocument/2006/relationships/printerSettings
[DEBUG] 2025-04-19 22:19:08.263 [main] PackageRelationshipCollection - Parsing relationship: /xl/_rels/workbook.xml.rels
[DEBUG] 2025-04-19 22:19:08.263 [main] PackageRelationshipCollection - Parsing relationship: /xl/worksheets/_rels/sheet1.xml.rels
[DEBUG] 2025-04-19 22:19:08.264 [main] PackageRelationshipCollection - Parsing relationship: /_rels/.rels
[DEBUG] 2025-04-19 22:19:08.268 [main] POIXMLFactory - using default POIXMLDocumentPart for http://schemas.openxmlformats.org/officeDocument/2006/relationships/printerSettings
[DEBUG] 2025-04-19 22:19:08.274 [main] PackageRelationshipCollection - Parsing relationship: /xl/_rels/workbook.xml.rels
[DEBUG] 2025-04-19 22:19:08.275 [main] PackageRelationshipCollection - Parsing relationship: /xl/worksheets/_rels/sheet1.xml.rels
[DEBUG] 2025-04-19 22:19:08.275 [main] PackageRelationshipCollection - Parsing relationship: /_rels/.rels
[DEBUG] 2025-04-19 22:19:08.280 [main] POIXMLFactory - using default POIXMLDocumentPart for http://schemas.openxmlformats.org/officeDocument/2006/relationships/printerSettings
[DEBUG] 2025-04-19 22:19:08.284 [main] PackageRelationshipCollection - Parsing relationship: /xl/_rels/workbook.xml.rels
[DEBUG] 2025-04-19 22:19:08.285 [main] PackageRelationshipCollection - Parsing relationship: /xl/worksheets/_rels/sheet1.xml.rels
[DEBUG] 2025-04-19 22:19:08.285 [main] PackageRelationshipCollection - Parsing relationship: /_rels/.rels
[DEBUG] 2025-04-19 22:19:08.289 [main] POIXMLFactory - using default POIXMLDocumentPart for http://schemas.openxmlformats.org/officeDocument/2006/relationships/printerSettings
[DEBUG] 2025-04-19 22:19:08.293 [main] PackageRelationshipCollection - Parsing relationship: /xl/_rels/workbook.xml.rels
[DEBUG] 2025-04-19 22:19:08.294 [main] PackageRelationshipCollection - Parsing relationship: /xl/worksheets/_rels/sheet1.xml.rels
[DEBUG] 2025-04-19 22:19:08.294 [main] PackageRelationshipCollection - Parsing relationship: /_rels/.rels
[DEBUG] 2025-04-19 22:19:08.298 [main] POIXMLFactory - using default POIXMLDocumentPart for http://schemas.openxmlformats.org/officeDocument/2006/relationships/printerSettings
[DEBUG] 2025-04-19 22:19:08.304 [main] PackageRelationshipCollection - Parsing relationship: /xl/_rels/workbook.xml.rels
[DEBUG] 2025-04-19 22:19:08.305 [main] PackageRelationshipCollection - Parsing relationship: /xl/worksheets/_rels/sheet1.xml.rels
[DEBUG] 2025-04-19 22:19:08.305 [main] PackageRelationshipCollection - Parsing relationship: /_rels/.rels
[DEBUG] 2025-04-19 22:19:08.312 [main] POIXMLFactory - using default POIXMLDocumentPart for http://schemas.openxmlformats.org/officeDocument/2006/relationships/printerSettings
[DEBUG] 2025-04-19 22:19:08.318 [main] PackageRelationshipCollection - Parsing relationship: /xl/_rels/workbook.xml.rels
[DEBUG] 2025-04-19 22:19:08.319 [main] PackageRelationshipCollection - Parsing relationship: /xl/worksheets/_rels/sheet1.xml.rels
[DEBUG] 2025-04-19 22:19:08.319 [main] PackageRelationshipCollection - Parsing relationship: /_rels/.rels
[DEBUG] 2025-04-19 22:19:08.325 [main] POIXMLFactory - using default POIXMLDocumentPart for http://schemas.openxmlformats.org/officeDocument/2006/relationships/printerSettings
[DEBUG] 2025-04-19 22:19:08.330 [main] PackageRelationshipCollection - Parsing relationship: /xl/_rels/workbook.xml.rels
[DEBUG] 2025-04-19 22:19:08.331 [main] PackageRelationshipCollection - Parsing relationship: /xl/worksheets/_rels/sheet1.xml.rels
[DEBUG] 2025-04-19 22:19:08.331 [main] PackageRelationshipCollection - Parsing relationship: /_rels/.rels
[DEBUG] 2025-04-19 22:19:08.337 [main] POIXMLFactory - using default POIXMLDocumentPart for http://schemas.openxmlformats.org/officeDocument/2006/relationships/printerSettings
[DEBUG] 2025-04-19 22:19:08.341 [main] PackageRelationshipCollection - Parsing relationship: /xl/_rels/workbook.xml.rels
[DEBUG] 2025-04-19 22:19:08.343 [main] PackageRelationshipCollection - Parsing relationship: /xl/worksheets/_rels/sheet1.xml.rels
[DEBUG] 2025-04-19 22:19:08.343 [main] PackageRelationshipCollection - Parsing relationship: /_rels/.rels
[DEBUG] 2025-04-19 22:19:08.348 [main] POIXMLFactory - using default POIXMLDocumentPart for http://schemas.openxmlformats.org/officeDocument/2006/relationships/printerSettings
[DEBUG] 2025-04-19 22:19:08.355 [main] PackageRelationshipCollection - Parsing relationship: /xl/_rels/workbook.xml.rels
[DEBUG] 2025-04-19 22:19:08.355 [main] PackageRelationshipCollection - Parsing relationship: /xl/worksheets/_rels/sheet1.xml.rels
[DEBUG] 2025-04-19 22:19:08.356 [main] PackageRelationshipCollection - Parsing relationship: /_rels/.rels
[DEBUG] 2025-04-19 22:19:08.360 [main] POIXMLFactory - using default POIXMLDocumentPart for http://schemas.openxmlformats.org/officeDocument/2006/relationships/printerSettings
[DEBUG] 2025-04-19 22:19:08.366 [main] PackageRelationshipCollection - Parsing relationship: /xl/_rels/workbook.xml.rels
[DEBUG] 2025-04-19 22:19:08.366 [main] PackageRelationshipCollection - Parsing relationship: /xl/worksheets/_rels/sheet1.xml.rels
[DEBUG] 2025-04-19 22:19:08.367 [main] PackageRelationshipCollection - Parsing relationship: /_rels/.rels
[DEBUG] 2025-04-19 22:19:08.373 [main] POIXMLFactory - using default POIXMLDocumentPart for http://schemas.openxmlformats.org/officeDocument/2006/relationships/printerSettings
[DEBUG] 2025-04-19 22:19:08.378 [main] PackageRelationshipCollection - Parsing relationship: /xl/_rels/workbook.xml.rels
[DEBUG] 2025-04-19 22:19:08.378 [main] PackageRelationshipCollection - Parsing relationship: /xl/worksheets/_rels/sheet1.xml.rels
[DEBUG] 2025-04-19 22:19:08.380 [main] PackageRelationshipCollection - Parsing relationship: /_rels/.rels
[DEBUG] 2025-04-19 22:19:08.385 [main] POIXMLFactory - using default POIXMLDocumentPart for http://schemas.openxmlformats.org/officeDocument/2006/relationships/printerSettings
[DEBUG] 2025-04-19 22:19:08.391 [main] PackageRelationshipCollection - Parsing relationship: /xl/_rels/workbook.xml.rels
[DEBUG] 2025-04-19 22:19:08.391 [main] PackageRelationshipCollection - Parsing relationship: /xl/worksheets/_rels/sheet1.xml.rels
[DEBUG] 2025-04-19 22:19:08.392 [main] PackageRelationshipCollection - Parsing relationship: /_rels/.rels
[DEBUG] 2025-04-19 22:19:08.397 [main] POIXMLFactory - using default POIXMLDocumentPart for http://schemas.openxmlformats.org/officeDocument/2006/relationships/printerSettings
[DEBUG] 2025-04-19 22:19:08.403 [main] PackageRelationshipCollection - Parsing relationship: /xl/_rels/workbook.xml.rels
[DEBUG] 2025-04-19 22:19:08.403 [main] PackageRelationshipCollection - Parsing relationship: /xl/worksheets/_rels/sheet1.xml.rels
[DEBUG] 2025-04-19 22:19:08.404 [main] PackageRelationshipCollection - Parsing relationship: /_rels/.rels
[DEBUG] 2025-04-19 22:19:08.409 [main] POIXMLFactory - using default POIXMLDocumentPart for http://schemas.openxmlformats.org/officeDocument/2006/relationships/printerSettings
[DEBUG] 2025-04-19 22:19:08.414 [main] PackageRelationshipCollection - Parsing relationship: /xl/_rels/workbook.xml.rels
[DEBUG] 2025-04-19 22:19:08.414 [main] PackageRelationshipCollection - Parsing relationship: /xl/worksheets/_rels/sheet1.xml.rels
[DEBUG] 2025-04-19 22:19:08.415 [main] PackageRelationshipCollection - Parsing relationship: /_rels/.rels
[DEBUG] 2025-04-19 22:19:08.419 [main] POIXMLFactory - using default POIXMLDocumentPart for http://schemas.openxmlformats.org/officeDocument/2006/relationships/printerSettings
[DEBUG] 2025-04-19 22:19:08.425 [main] PackageRelationshipCollection - Parsing relationship: /xl/_rels/workbook.xml.rels
[DEBUG] 2025-04-19 22:19:08.425 [main] PackageRelationshipCollection - Parsing relationship: /xl/worksheets/_rels/sheet1.xml.rels
[DEBUG] 2025-04-19 22:19:08.425 [main] PackageRelationshipCollection - Parsing relationship: /_rels/.rels
[DEBUG] 2025-04-19 22:19:08.429 [main] POIXMLFactory - using default POIXMLDocumentPart for http://schemas.openxmlformats.org/officeDocument/2006/relationships/printerSettings
[DEBUG] 2025-04-19 22:19:08.434 [main] PackageRelationshipCollection - Parsing relationship: /xl/_rels/workbook.xml.rels
[DEBUG] 2025-04-19 22:19:08.434 [main] PackageRelationshipCollection - Parsing relationship: /xl/worksheets/_rels/sheet1.xml.rels
[DEBUG] 2025-04-19 22:19:08.434 [main] PackageRelationshipCollection - Parsing relationship: /_rels/.rels
[DEBUG] 2025-04-19 22:19:08.439 [main] POIXMLFactory - using default POIXMLDocumentPart for http://schemas.openxmlformats.org/officeDocument/2006/relationships/printerSettings
[DEBUG] 2025-04-19 22:19:08.444 [main] PackageRelationshipCollection - Parsing relationship: /xl/_rels/workbook.xml.rels
[DEBUG] 2025-04-19 22:19:08.445 [main] PackageRelationshipCollection - Parsing relationship: /xl/worksheets/_rels/sheet1.xml.rels
[DEBUG] 2025-04-19 22:19:08.445 [main] PackageRelationshipCollection - Parsing relationship: /_rels/.rels
[DEBUG] 2025-04-19 22:19:08.449 [main] POIXMLFactory - using default POIXMLDocumentPart for http://schemas.openxmlformats.org/officeDocument/2006/relationships/printerSettings
[DEBUG] 2025-04-19 22:19:08.453 [main] PackageRelationshipCollection - Parsing relationship: /xl/_rels/workbook.xml.rels
[DEBUG] 2025-04-19 22:19:08.453 [main] PackageRelationshipCollection - Parsing relationship: /xl/worksheets/_rels/sheet1.xml.rels
[DEBUG] 2025-04-19 22:19:08.454 [main] PackageRelationshipCollection - Parsing relationship: /_rels/.rels
[DEBUG] 2025-04-19 22:19:08.458 [main] POIXMLFactory - using default POIXMLDocumentPart for http://schemas.openxmlformats.org/officeDocument/2006/relationships/printerSettings
[DEBUG] 2025-04-19 22:19:08.462 [main] PackageRelationshipCollection - Parsing relationship: /xl/_rels/workbook.xml.rels
[DEBUG] 2025-04-19 22:19:08.463 [main] PackageRelationshipCollection - Parsing relationship: /xl/worksheets/_rels/sheet1.xml.rels
[DEBUG] 2025-04-19 22:19:08.463 [main] PackageRelationshipCollection - Parsing relationship: /_rels/.rels
[DEBUG] 2025-04-19 22:19:08.466 [main] POIXMLFactory - using default POIXMLDocumentPart for http://schemas.openxmlformats.org/officeDocument/2006/relationships/printerSettings
[DEBUG] 2025-04-19 22:19:08.472 [main] PackageRelationshipCollection - Parsing relationship: /xl/_rels/workbook.xml.rels
[DEBUG] 2025-04-19 22:19:08.472 [main] PackageRelationshipCollection - Parsing relationship: /xl/worksheets/_rels/sheet1.xml.rels
[DEBUG] 2025-04-19 22:19:08.473 [main] PackageRelationshipCollection - Parsing relationship: /_rels/.rels
[DEBUG] 2025-04-19 22:19:08.476 [main] POIXMLFactory - using default POIXMLDocumentPart for http://schemas.openxmlformats.org/officeDocument/2006/relationships/printerSettings
[DEBUG] 2025-04-19 22:19:08.480 [main] PackageRelationshipCollection - Parsing relationship: /xl/_rels/workbook.xml.rels
[DEBUG] 2025-04-19 22:19:08.481 [main] PackageRelationshipCollection - Parsing relationship: /xl/worksheets/_rels/sheet1.xml.rels
[DEBUG] 2025-04-19 22:19:08.481 [main] PackageRelationshipCollection - Parsing relationship: /_rels/.rels
[DEBUG] 2025-04-19 22:19:08.486 [main] POIXMLFactory - using default POIXMLDocumentPart for http://schemas.openxmlformats.org/officeDocument/2006/relationships/printerSettings
[DEBUG] 2025-04-19 22:19:08.490 [main] PackageRelationshipCollection - Parsing relationship: /xl/_rels/workbook.xml.rels
[DEBUG] 2025-04-19 22:19:08.490 [main] PackageRelationshipCollection - Parsing relationship: /xl/worksheets/_rels/sheet1.xml.rels
[DEBUG] 2025-04-19 22:19:08.490 [main] PackageRelationshipCollection - Parsing relationship: /_rels/.rels
[DEBUG] 2025-04-19 22:19:08.495 [main] POIXMLFactory - using default POIXMLDocumentPart for http://schemas.openxmlformats.org/officeDocument/2006/relationships/printerSettings
[DEBUG] 2025-04-19 22:19:08.499 [main] PackageRelationshipCollection - Parsing relationship: /xl/_rels/workbook.xml.rels
[DEBUG] 2025-04-19 22:19:08.499 [main] PackageRelationshipCollection - Parsing relationship: /xl/worksheets/_rels/sheet1.xml.rels
[DEBUG] 2025-04-19 22:19:08.499 [main] PackageRelationshipCollection - Parsing relationship: /_rels/.rels
[DEBUG] 2025-04-19 22:19:08.504 [main] POIXMLFactory - using default POIXMLDocumentPart for http://schemas.openxmlformats.org/officeDocument/2006/relationships/printerSettings
[DEBUG] 2025-04-19 22:19:08.509 [main] PackageRelationshipCollection - Parsing relationship: /xl/_rels/workbook.xml.rels
[DEBUG] 2025-04-19 22:19:08.509 [main] PackageRelationshipCollection - Parsing relationship: /xl/worksheets/_rels/sheet1.xml.rels
[DEBUG] 2025-04-19 22:19:08.510 [main] PackageRelationshipCollection - Parsing relationship: /_rels/.rels
[DEBUG] 2025-04-19 22:19:08.515 [main] POIXMLFactory - using default POIXMLDocumentPart for http://schemas.openxmlformats.org/officeDocument/2006/relationships/printerSettings
[DEBUG] 2025-04-19 22:19:08.519 [main] PackageRelationshipCollection - Parsing relationship: /xl/_rels/workbook.xml.rels
[DEBUG] 2025-04-19 22:19:08.519 [main] PackageRelationshipCollection - Parsing relationship: /xl/worksheets/_rels/sheet1.xml.rels
[DEBUG] 2025-04-19 22:19:08.521 [main] PackageRelationshipCollection - Parsing relationship: /_rels/.rels
[DEBUG] 2025-04-19 22:19:08.524 [main] POIXMLFactory - using default POIXMLDocumentPart for http://schemas.openxmlformats.org/officeDocument/2006/relationships/printerSettings
[DEBUG] 2025-04-19 22:19:08.528 [main] PackageRelationshipCollection - Parsing relationship: /xl/_rels/workbook.xml.rels
[DEBUG] 2025-04-19 22:19:08.528 [main] PackageRelationshipCollection - Parsing relationship: /xl/worksheets/_rels/sheet1.xml.rels
[DEBUG] 2025-04-19 22:19:08.528 [main] PackageRelationshipCollection - Parsing relationship: /_rels/.rels
[DEBUG] 2025-04-19 22:19:08.533 [main] POIXMLFactory - using default POIXMLDocumentPart for http://schemas.openxmlformats.org/officeDocument/2006/relationships/printerSettings
[DEBUG] 2025-04-19 22:19:08.537 [main] PackageRelationshipCollection - Parsing relationship: /xl/_rels/workbook.xml.rels
[DEBUG] 2025-04-19 22:19:08.537 [main] PackageRelationshipCollection - Parsing relationship: /xl/worksheets/_rels/sheet1.xml.rels
[DEBUG] 2025-04-19 22:19:08.538 [main] PackageRelationshipCollection - Parsing relationship: /_rels/.rels
[DEBUG] 2025-04-19 22:19:08.541 [main] POIXMLFactory - using default POIXMLDocumentPart for http://schemas.openxmlformats.org/officeDocument/2006/relationships/printerSettings
[DEBUG] 2025-04-19 22:19:08.546 [main] PackageRelationshipCollection - Parsing relationship: /xl/_rels/workbook.xml.rels
[DEBUG] 2025-04-19 22:19:08.546 [main] PackageRelationshipCollection - Parsing relationship: /xl/worksheets/_rels/sheet1.xml.rels
[DEBUG] 2025-04-19 22:19:08.547 [main] PackageRelationshipCollection - Parsing relationship: /_rels/.rels
[DEBUG] 2025-04-19 22:19:08.550 [main] POIXMLFactory - using default POIXMLDocumentPart for http://schemas.openxmlformats.org/officeDocument/2006/relationships/printerSettings
[DEBUG] 2025-04-19 22:19:08.555 [main] PackageRelationshipCollection - Parsing relationship: /xl/_rels/workbook.xml.rels
[DEBUG] 2025-04-19 22:19:08.555 [main] PackageRelationshipCollection - Parsing relationship: /xl/worksheets/_rels/sheet1.xml.rels
[DEBUG] 2025-04-19 22:19:08.555 [main] PackageRelationshipCollection - Parsing relationship: /_rels/.rels
[DEBUG] 2025-04-19 22:19:08.559 [main] POIXMLFactory - using default POIXMLDocumentPart for http://schemas.openxmlformats.org/officeDocument/2006/relationships/printerSettings
[DEBUG] 2025-04-19 22:19:08.562 [main] PackageRelationshipCollection - Parsing relationship: /xl/_rels/workbook.xml.rels
[DEBUG] 2025-04-19 22:19:08.562 [main] PackageRelationshipCollection - Parsing relationship: /xl/worksheets/_rels/sheet1.xml.rels
[DEBUG] 2025-04-19 22:19:08.564 [main] PackageRelationshipCollection - Parsing relationship: /_rels/.rels
[DEBUG] 2025-04-19 22:19:08.567 [main] POIXMLFactory - using default POIXMLDocumentPart for http://schemas.openxmlformats.org/officeDocument/2006/relationships/printerSettings
[DEBUG] 2025-04-19 22:19:08.570 [main] PackageRelationshipCollection - Parsing relationship: /xl/_rels/workbook.xml.rels
[DEBUG] 2025-04-19 22:19:08.570 [main] PackageRelationshipCollection - Parsing relationship: /xl/worksheets/_rels/sheet1.xml.rels
[DEBUG] 2025-04-19 22:19:08.570 [main] PackageRelationshipCollection - Parsing relationship: /_rels/.rels
[DEBUG] 2025-04-19 22:19:08.573 [main] POIXMLFactory - using default POIXMLDocumentPart for http://schemas.openxmlformats.org/officeDocument/2006/relationships/printerSettings
[DEBUG] 2025-04-19 22:19:08.576 [main] PackageRelationshipCollection - Parsing relationship: /xl/_rels/workbook.xml.rels
[DEBUG] 2025-04-19 22:19:08.576 [main] PackageRelationshipCollection - Parsing relationship: /xl/worksheets/_rels/sheet1.xml.rels
[DEBUG] 2025-04-19 22:19:08.576 [main] PackageRelationshipCollection - Parsing relationship: /_rels/.rels
[DEBUG] 2025-04-19 22:19:08.580 [main] POIXMLFactory - using default POIXMLDocumentPart for http://schemas.openxmlformats.org/officeDocument/2006/relationships/printerSettings
[DEBUG] 2025-04-19 22:19:08.583 [main] PackageRelationshipCollection - Parsing relationship: /xl/_rels/workbook.xml.rels
[DEBUG] 2025-04-19 22:19:08.584 [main] PackageRelationshipCollection - Parsing relationship: /xl/worksheets/_rels/sheet1.xml.rels
[DEBUG] 2025-04-19 22:19:08.584 [main] PackageRelationshipCollection - Parsing relationship: /_rels/.rels
[DEBUG] 2025-04-19 22:19:08.586 [main] POIXMLFactory - using default POIXMLDocumentPart for http://schemas.openxmlformats.org/officeDocument/2006/relationships/printerSettings
[DEBUG] 2025-04-19 22:19:08.591 [main] PackageRelationshipCollection - Parsing relationship: /xl/_rels/workbook.xml.rels
[DEBUG] 2025-04-19 22:19:08.591 [main] PackageRelationshipCollection - Parsing relationship: /xl/worksheets/_rels/sheet1.xml.rels
[DEBUG] 2025-04-19 22:19:08.591 [main] PackageRelationshipCollection - Parsing relationship: /_rels/.rels
[DEBUG] 2025-04-19 22:19:08.594 [main] POIXMLFactory - using default POIXMLDocumentPart for http://schemas.openxmlformats.org/officeDocument/2006/relationships/printerSettings
[DEBUG] 2025-04-19 22:19:08.598 [main] PackageRelationshipCollection - Parsing relationship: /xl/_rels/workbook.xml.rels
[DEBUG] 2025-04-19 22:19:08.599 [main] PackageRelationshipCollection - Parsing relationship: /xl/worksheets/_rels/sheet1.xml.rels
[DEBUG] 2025-04-19 22:19:08.599 [main] PackageRelationshipCollection - Parsing relationship: /_rels/.rels
[DEBUG] 2025-04-19 22:19:08.602 [main] POIXMLFactory - using default POIXMLDocumentPart for http://schemas.openxmlformats.org/officeDocument/2006/relationships/printerSettings
[DEBUG] 2025-04-19 22:19:08.606 [main] PackageRelationshipCollection - Parsing relationship: /xl/_rels/workbook.xml.rels
[DEBUG] 2025-04-19 22:19:08.606 [main] PackageRelationshipCollection - Parsing relationship: /xl/worksheets/_rels/sheet1.xml.rels
[DEBUG] 2025-04-19 22:19:08.606 [main] PackageRelationshipCollection - Parsing relationship: /_rels/.rels
[DEBUG] 2025-04-19 22:19:08.609 [main] POIXMLFactory - using default POIXMLDocumentPart for http://schemas.openxmlformats.org/officeDocument/2006/relationships/printerSettings
[DEBUG] 2025-04-19 22:19:08.612 [main] PackageRelationshipCollection - Parsing relationship: /xl/_rels/workbook.xml.rels
[DEBUG] 2025-04-19 22:19:08.613 [main] PackageRelationshipCollection - Parsing relationship: /xl/worksheets/_rels/sheet1.xml.rels
[DEBUG] 2025-04-19 22:19:08.613 [main] PackageRelationshipCollection - Parsing relationship: /_rels/.rels
[DEBUG] 2025-04-19 22:19:08.616 [main] POIXMLFactory - using default POIXMLDocumentPart for http://schemas.openxmlformats.org/officeDocument/2006/relationships/printerSettings
[DEBUG] 2025-04-19 22:19:08.619 [main] PackageRelationshipCollection - Parsing relationship: /xl/_rels/workbook.xml.rels
[DEBUG] 2025-04-19 22:19:08.620 [main] PackageRelationshipCollection - Parsing relationship: /xl/worksheets/_rels/sheet1.xml.rels
[DEBUG] 2025-04-19 22:19:08.620 [main] PackageRelationshipCollection - Parsing relationship: /_rels/.rels
[DEBUG] 2025-04-19 22:19:08.622 [main] POIXMLFactory - using default POIXMLDocumentPart for http://schemas.openxmlformats.org/officeDocument/2006/relationships/printerSettings
[DEBUG] 2025-04-19 22:19:08.627 [main] PackageRelationshipCollection - Parsing relationship: /xl/_rels/workbook.xml.rels
[DEBUG] 2025-04-19 22:19:08.627 [main] PackageRelationshipCollection - Parsing relationship: /xl/worksheets/_rels/sheet1.xml.rels
[DEBUG] 2025-04-19 22:19:08.627 [main] PackageRelationshipCollection - Parsing relationship: /_rels/.rels
[DEBUG] 2025-04-19 22:19:08.631 [main] POIXMLFactory - using default POIXMLDocumentPart for http://schemas.openxmlformats.org/officeDocument/2006/relationships/printerSettings
[DEBUG] 2025-04-19 22:19:08.634 [main] PackageRelationshipCollection - Parsing relationship: /xl/_rels/workbook.xml.rels
[DEBUG] 2025-04-19 22:19:08.634 [main] PackageRelationshipCollection - Parsing relationship: /xl/worksheets/_rels/sheet1.xml.rels
[DEBUG] 2025-04-19 22:19:08.635 [main] PackageRelationshipCollection - Parsing relationship: /_rels/.rels
[DEBUG] 2025-04-19 22:19:08.639 [main] POIXMLFactory - using default POIXMLDocumentPart for http://schemas.openxmlformats.org/officeDocument/2006/relationships/printerSettings
[DEBUG] 2025-04-19 22:19:08.643 [main] PackageRelationshipCollection - Parsing relationship: /xl/_rels/workbook.xml.rels
[DEBUG] 2025-04-19 22:19:08.643 [main] PackageRelationshipCollection - Parsing relationship: /xl/worksheets/_rels/sheet1.xml.rels
[DEBUG] 2025-04-19 22:19:08.643 [main] PackageRelationshipCollection - Parsing relationship: /_rels/.rels
[DEBUG] 2025-04-19 22:19:08.646 [main] POIXMLFactory - using default POIXMLDocumentPart for http://schemas.openxmlformats.org/officeDocument/2006/relationships/printerSettings
[DEBUG] 2025-04-19 22:19:08.650 [main] PackageRelationshipCollection - Parsing relationship: /xl/_rels/workbook.xml.rels
[DEBUG] 2025-04-19 22:19:08.650 [main] PackageRelationshipCollection - Parsing relationship: /xl/worksheets/_rels/sheet1.xml.rels
[DEBUG] 2025-04-19 22:19:08.650 [main] PackageRelationshipCollection - Parsing relationship: /_rels/.rels
[DEBUG] 2025-04-19 22:19:08.652 [main] POIXMLFactory - using default POIXMLDocumentPart for http://schemas.openxmlformats.org/officeDocument/2006/relationships/printerSettings
[DEBUG] 2025-04-19 22:19:08.655 [main] PackageRelationshipCollection - Parsing relationship: /xl/_rels/workbook.xml.rels
[DEBUG] 2025-04-19 22:19:08.656 [main] PackageRelationshipCollection - Parsing relationship: /xl/worksheets/_rels/sheet1.xml.rels
[DEBUG] 2025-04-19 22:19:08.656 [main] PackageRelationshipCollection - Parsing relationship: /_rels/.rels
[DEBUG] 2025-04-19 22:19:08.659 [main] POIXMLFactory - using default POIXMLDocumentPart for http://schemas.openxmlformats.org/officeDocument/2006/relationships/printerSettings
[DEBUG] 2025-04-19 22:19:08.662 [main] PackageRelationshipCollection - Parsing relationship: /xl/_rels/workbook.xml.rels
[DEBUG] 2025-04-19 22:19:08.662 [main] PackageRelationshipCollection - Parsing relationship: /xl/worksheets/_rels/sheet1.xml.rels
[DEBUG] 2025-04-19 22:19:08.662 [main] PackageRelationshipCollection - Parsing relationship: /_rels/.rels
[DEBUG] 2025-04-19 22:19:08.665 [main] POIXMLFactory - using default POIXMLDocumentPart for http://schemas.openxmlformats.org/officeDocument/2006/relationships/printerSettings
[DEBUG] 2025-04-19 22:19:08.669 [main] PackageRelationshipCollection - Parsing relationship: /xl/_rels/workbook.xml.rels
[DEBUG] 2025-04-19 22:19:08.670 [main] PackageRelationshipCollection - Parsing relationship: /xl/worksheets/_rels/sheet1.xml.rels
[DEBUG] 2025-04-19 22:19:08.670 [main] PackageRelationshipCollection - Parsing relationship: /_rels/.rels
[DEBUG] 2025-04-19 22:19:08.673 [main] POIXMLFactory - using default POIXMLDocumentPart for http://schemas.openxmlformats.org/officeDocument/2006/relationships/printerSettings
[DEBUG] 2025-04-19 22:19:08.676 [main] PackageRelationshipCollection - Parsing relationship: /xl/_rels/workbook.xml.rels
[DEBUG] 2025-04-19 22:19:08.677 [main] PackageRelationshipCollection - Parsing relationship: /xl/worksheets/_rels/sheet1.xml.rels
[DEBUG] 2025-04-19 22:19:08.677 [main] PackageRelationshipCollection - Parsing relationship: /_rels/.rels
[DEBUG] 2025-04-19 22:19:08.679 [main] POIXMLFactory - using default POIXMLDocumentPart for http://schemas.openxmlformats.org/officeDocument/2006/relationships/printerSettings
[DEBUG] 2025-04-19 22:19:08.682 [main] PackageRelationshipCollection - Parsing relationship: /xl/_rels/workbook.xml.rels
[DEBUG] 2025-04-19 22:19:08.683 [main] PackageRelationshipCollection - Parsing relationship: /xl/worksheets/_rels/sheet1.xml.rels
[DEBUG] 2025-04-19 22:19:08.683 [main] PackageRelationshipCollection - Parsing relationship: /_rels/.rels
[DEBUG] 2025-04-19 22:19:08.685 [main] POIXMLFactory - using default POIXMLDocumentPart for http://schemas.openxmlformats.org/officeDocument/2006/relationships/printerSettings
[DEBUG] 2025-04-19 22:19:08.688 [main] PackageRelationshipCollection - Parsing relationship: /xl/_rels/workbook.xml.rels
[DEBUG] 2025-04-19 22:19:08.688 [main] PackageRelationshipCollection - Parsing relationship: /xl/worksheets/_rels/sheet1.xml.rels
[DEBUG] 2025-04-19 22:19:08.689 [main] PackageRelationshipCollection - Parsing relationship: /_rels/.rels
[DEBUG] 2025-04-19 22:19:08.692 [main] POIXMLFactory - using default POIXMLDocumentPart for http://schemas.openxmlformats.org/officeDocument/2006/relationships/printerSettings
[DEBUG] 2025-04-19 22:19:08.695 [main] PackageRelationshipCollection - Parsing relationship: /xl/_rels/workbook.xml.rels
[DEBUG] 2025-04-19 22:19:08.695 [main] PackageRelationshipCollection - Parsing relationship: /xl/worksheets/_rels/sheet1.xml.rels
[DEBUG] 2025-04-19 22:19:08.696 [main] PackageRelationshipCollection - Parsing relationship: /_rels/.rels
[DEBUG] 2025-04-19 22:19:08.699 [main] POIXMLFactory - using default POIXMLDocumentPart for http://schemas.openxmlformats.org/officeDocument/2006/relationships/printerSettings
[DEBUG] 2025-04-19 22:19:08.702 [main] PackageRelationshipCollection - Parsing relationship: /xl/_rels/workbook.xml.rels
[DEBUG] 2025-04-19 22:19:08.702 [main] PackageRelationshipCollection - Parsing relationship: /xl/worksheets/_rels/sheet1.xml.rels
