[DEBUG] 2025-04-23 22:57:17.874 [main] POIXMLFactory - using default POIXMLDocumentPart for http://schemas.openxmlformats.org/officeDocument/2006/relationships/printerSettings
[DEBUG] 2025-04-23 22:57:17.876 [main] PackageRelationshipCollection - Parsing relationship: /xl/_rels/workbook.xml.rels
[DEBUG] 2025-04-23 22:57:17.878 [main] PackageRelationshipCollection - Parsing relationship: /xl/worksheets/_rels/sheet1.xml.rels
[DEBUG] 2025-04-23 22:57:17.878 [main] PackageRelationshipCollection - Parsing relationship: /_rels/.rels
[DEBUG] 2025-04-23 22:57:17.878 [main] POIXMLFactory - using default POIXMLDocumentPart for http://schemas.openxmlformats.org/officeDocument/2006/relationships/printerSettings
[DEBUG] 2025-04-23 22:57:17.878 [main] PackageRelationshipCollection - Parsing relationship: /xl/_rels/workbook.xml.rels
[DEBUG] 2025-04-23 22:57:17.878 [main] PackageRelationshipCollection - Parsing relationship: /xl/worksheets/_rels/sheet1.xml.rels
[DEBUG] 2025-04-23 22:57:17.878 [main] PackageRelationshipCollection - Parsing relationship: /_rels/.rels
[DEBUG] 2025-04-23 22:57:17.878 [main] POIXMLFactory - using default POIXMLDocumentPart for http://schemas.openxmlformats.org/officeDocument/2006/relationships/printerSettings
[DEBUG] 2025-04-23 22:57:17.896 [main] PackageRelationshipCollection - Parsing relationship: /xl/_rels/workbook.xml.rels
[DEBUG] 2025-04-23 22:57:17.896 [main] PackageRelationshipCollection - Parsing relationship: /xl/worksheets/_rels/sheet1.xml.rels
[DEBUG] 2025-04-23 22:57:17.896 [main] PackageRelationshipCollection - Parsing relationship: /_rels/.rels
[DEBUG] 2025-04-23 22:57:17.898 [main] POIXMLFactory - using default POIXMLDocumentPart for http://schemas.openxmlformats.org/officeDocument/2006/relationships/printerSettings
[DEBUG] 2025-04-23 22:57:17.900 [main] PackageRelationshipCollection - Parsing relationship: /xl/_rels/workbook.xml.rels
[DEBUG] 2025-04-23 22:57:17.900 [main] PackageRelationshipCollection - Parsing relationship: /xl/worksheets/_rels/sheet1.xml.rels
[DEBUG] 2025-04-23 22:57:17.900 [main] PackageRelationshipCollection - Parsing relationship: /_rels/.rels
[DEBUG] 2025-04-23 22:57:17.902 [main] POIXMLFactory - using default POIXMLDocumentPart for http://schemas.openxmlformats.org/officeDocument/2006/relationships/printerSettings
[DEBUG] 2025-04-23 22:57:17.904 [main] PackageRelationshipCollection - Parsing relationship: /xl/_rels/workbook.xml.rels
[DEBUG] 2025-04-23 22:57:17.906 [main] PackageRelationshipCollection - Parsing relationship: /xl/worksheets/_rels/sheet1.xml.rels
[DEBUG] 2025-04-23 22:57:17.906 [main] PackageRelationshipCollection - Parsing relationship: /_rels/.rels
[DEBUG] 2025-04-23 22:57:17.908 [main] POIXMLFactory - using default POIXMLDocumentPart for http://schemas.openxmlformats.org/officeDocument/2006/relationships/printerSettings
[DEBUG] 2025-04-23 22:57:17.909 [main] PackageRelationshipCollection - Parsing relationship: /xl/_rels/workbook.xml.rels
[DEBUG] 2025-04-23 22:57:17.909 [main] PackageRelationshipCollection - Parsing relationship: /xl/worksheets/_rels/sheet1.xml.rels
[DEBUG] 2025-04-23 22:57:17.909 [main] PackageRelationshipCollection - Parsing relationship: /_rels/.rels
[DEBUG] 2025-04-23 22:57:17.913 [main] POIXMLFactory - using default POIXMLDocumentPart for http://schemas.openxmlformats.org/officeDocument/2006/relationships/printerSettings
[DEBUG] 2025-04-23 22:57:17.916 [main] PackageRelationshipCollection - Parsing relationship: /xl/_rels/workbook.xml.rels
[DEBUG] 2025-04-23 22:57:17.916 [main] PackageRelationshipCollection - Parsing relationship: /xl/worksheets/_rels/sheet1.xml.rels
[DEBUG] 2025-04-23 22:57:17.916 [main] PackageRelationshipCollection - Parsing relationship: /_rels/.rels
[DEBUG] 2025-04-23 22:57:17.918 [main] POIXMLFactory - using default POIXMLDocumentPart for http://schemas.openxmlformats.org/officeDocument/2006/relationships/printerSettings
[DEBUG] 2025-04-23 22:57:17.922 [main] PackageRelationshipCollection - Parsing relationship: /xl/_rels/workbook.xml.rels
[DEBUG] 2025-04-23 22:57:17.922 [main] PackageRelationshipCollection - Parsing relationship: /xl/worksheets/_rels/sheet1.xml.rels
[DEBUG] 2025-04-23 22:57:17.922 [main] PackageRelationshipCollection - Parsing relationship: /_rels/.rels
[DEBUG] 2025-04-23 22:57:17.924 [main] POIXMLFactory - using default POIXMLDocumentPart for http://schemas.openxmlformats.org/officeDocument/2006/relationships/printerSettings
[DEBUG] 2025-04-23 22:57:17.925 [main] PackageRelationshipCollection - Parsing relationship: /xl/_rels/workbook.xml.rels
[DEBUG] 2025-04-23 22:57:17.925 [main] PackageRelationshipCollection - Parsing relationship: /xl/worksheets/_rels/sheet1.xml.rels
[DEBUG] 2025-04-23 22:57:17.925 [main] PackageRelationshipCollection - Parsing relationship: /_rels/.rels
[DEBUG] 2025-04-23 22:57:17.925 [main] POIXMLFactory - using default POIXMLDocumentPart for http://schemas.openxmlformats.org/officeDocument/2006/relationships/printerSettings
[DEBUG] 2025-04-23 22:57:17.925 [main] PackageRelationshipCollection - Parsing relationship: /xl/_rels/workbook.xml.rels
[DEBUG] 2025-04-23 22:57:17.925 [main] PackageRelationshipCollection - Parsing relationship: /xl/worksheets/_rels/sheet1.xml.rels
[DEBUG] 2025-04-23 22:57:17.925 [main] PackageRelationshipCollection - Parsing relationship: /_rels/.rels
[DEBUG] 2025-04-23 22:57:17.925 [main] POIXMLFactory - using default POIXMLDocumentPart for http://schemas.openxmlformats.org/officeDocument/2006/relationships/printerSettings
[DEBUG] 2025-04-23 22:57:17.925 [main] PackageRelationshipCollection - Parsing relationship: /xl/_rels/workbook.xml.rels
[DEBUG] 2025-04-23 22:57:17.925 [main] PackageRelationshipCollection - Parsing relationship: /xl/worksheets/_rels/sheet1.xml.rels
[DEBUG] 2025-04-23 22:57:17.925 [main] PackageRelationshipCollection - Parsing relationship: /_rels/.rels
[DEBUG] 2025-04-23 22:57:17.925 [main] POIXMLFactory - using default POIXMLDocumentPart for http://schemas.openxmlformats.org/officeDocument/2006/relationships/printerSettings
[DEBUG] 2025-04-23 22:57:17.942 [main] PackageRelationshipCollection - Parsing relationship: /xl/_rels/workbook.xml.rels
[DEBUG] 2025-04-23 22:57:17.942 [main] PackageRelationshipCollection - Parsing relationship: /xl/worksheets/_rels/sheet1.xml.rels
[DEBUG] 2025-04-23 22:57:17.942 [main] PackageRelationshipCollection - Parsing relationship: /_rels/.rels
[DEBUG] 2025-04-23 22:57:17.942 [main] POIXMLFactory - using default POIXMLDocumentPart for http://schemas.openxmlformats.org/officeDocument/2006/relationships/printerSettings
[DEBUG] 2025-04-23 22:57:17.957 [main] PackageRelationshipCollection - Parsing relationship: /xl/_rels/workbook.xml.rels
[DEBUG] 2025-04-23 22:57:17.957 [main] PackageRelationshipCollection - Parsing relationship: /xl/worksheets/_rels/sheet1.xml.rels
[DEBUG] 2025-04-23 22:57:17.957 [main] PackageRelationshipCollection - Parsing relationship: /_rels/.rels
[DEBUG] 2025-04-23 22:57:17.957 [main] POIXMLFactory - using default POIXMLDocumentPart for http://schemas.openxmlformats.org/officeDocument/2006/relationships/printerSettings
[DEBUG] 2025-04-23 22:57:17.957 [main] PackageRelationshipCollection - Parsing relationship: /xl/_rels/workbook.xml.rels
[DEBUG] 2025-04-23 22:57:17.957 [main] PackageRelationshipCollection - Parsing relationship: /xl/worksheets/_rels/sheet1.xml.rels
[DEBUG] 2025-04-23 22:57:17.957 [main] PackageRelationshipCollection - Parsing relationship: /_rels/.rels
[DEBUG] 2025-04-23 22:57:17.957 [main] POIXMLFactory - using default POIXMLDocumentPart for http://schemas.openxmlformats.org/officeDocument/2006/relationships/printerSettings
[DEBUG] 2025-04-23 22:57:17.957 [main] PackageRelationshipCollection - Parsing relationship: /xl/_rels/workbook.xml.rels
[DEBUG] 2025-04-23 22:57:17.957 [main] PackageRelationshipCollection - Parsing relationship: /xl/worksheets/_rels/sheet1.xml.rels
[DEBUG] 2025-04-23 22:57:17.957 [main] PackageRelationshipCollection - Parsing relationship: /_rels/.rels
[DEBUG] 2025-04-23 22:57:17.957 [main] POIXMLFactory - using default POIXMLDocumentPart for http://schemas.openxmlformats.org/officeDocument/2006/relationships/printerSettings
[DEBUG] 2025-04-23 22:57:17.975 [main] PackageRelationshipCollection - Parsing relationship: /xl/_rels/workbook.xml.rels
[DEBUG] 2025-04-23 22:57:17.975 [main] PackageRelationshipCollection - Parsing relationship: /xl/worksheets/_rels/sheet1.xml.rels
[DEBUG] 2025-04-23 22:57:17.975 [main] PackageRelationshipCollection - Parsing relationship: /_rels/.rels
[DEBUG] 2025-04-23 22:57:17.977 [main] POIXMLFactory - using default POIXMLDocumentPart for http://schemas.openxmlformats.org/officeDocument/2006/relationships/printerSettings
[DEBUG] 2025-04-23 22:57:17.979 [main] PackageRelationshipCollection - Parsing relationship: /xl/_rels/workbook.xml.rels
[DEBUG] 2025-04-23 22:57:17.981 [main] PackageRelationshipCollection - Parsing relationship: /xl/worksheets/_rels/sheet1.xml.rels
[DEBUG] 2025-04-23 22:57:17.981 [main] PackageRelationshipCollection - Parsing relationship: /_rels/.rels
[DEBUG] 2025-04-23 22:57:17.983 [main] POIXMLFactory - using default POIXMLDocumentPart for http://schemas.openxmlformats.org/officeDocument/2006/relationships/printerSettings
[DEBUG] 2025-04-23 22:57:17.985 [main] PackageRelationshipCollection - Parsing relationship: /xl/_rels/workbook.xml.rels
[DEBUG] 2025-04-23 22:57:17.985 [main] PackageRelationshipCollection - Parsing relationship: /xl/worksheets/_rels/sheet1.xml.rels
[DEBUG] 2025-04-23 22:57:17.985 [main] PackageRelationshipCollection - Parsing relationship: /_rels/.rels
[DEBUG] 2025-04-23 22:57:17.987 [main] POIXMLFactory - using default POIXMLDocumentPart for http://schemas.openxmlformats.org/officeDocument/2006/relationships/printerSettings
[DEBUG] 2025-04-23 22:57:17.989 [main] PackageRelationshipCollection - Parsing relationship: /xl/_rels/workbook.xml.rels
[DEBUG] 2025-04-23 22:57:17.989 [main] PackageRelationshipCollection - Parsing relationship: /xl/worksheets/_rels/sheet1.xml.rels
[DEBUG] 2025-04-23 22:57:17.989 [main] PackageRelationshipCollection - Parsing relationship: /_rels/.rels
[DEBUG] 2025-04-23 22:57:17.989 [main] POIXMLFactory - using default POIXMLDocumentPart for http://schemas.openxmlformats.org/officeDocument/2006/relationships/printerSettings
[DEBUG] 2025-04-23 22:57:17.989 [main] PackageRelationshipCollection - Parsing relationship: /xl/_rels/workbook.xml.rels
[DEBUG] 2025-04-23 22:57:17.989 [main] PackageRelationshipCollection - Parsing relationship: /xl/worksheets/_rels/sheet1.xml.rels
[DEBUG] 2025-04-23 22:57:17.989 [main] PackageRelationshipCollection - Parsing relationship: /_rels/.rels
[DEBUG] 2025-04-23 22:57:17.989 [main] POIXMLFactory - using default POIXMLDocumentPart for http://schemas.openxmlformats.org/officeDocument/2006/relationships/printerSettings
[DEBUG] 2025-04-23 22:57:17.989 [main] PackageRelationshipCollection - Parsing relationship: /xl/_rels/workbook.xml.rels
[DEBUG] 2025-04-23 22:57:17.989 [main] PackageRelationshipCollection - Parsing relationship: /xl/worksheets/_rels/sheet1.xml.rels
[DEBUG] 2025-04-23 22:57:17.989 [main] PackageRelationshipCollection - Parsing relationship: /_rels/.rels
[DEBUG] 2025-04-23 22:57:17.989 [main] POIXMLFactory - using default POIXMLDocumentPart for http://schemas.openxmlformats.org/officeDocument/2006/relationships/printerSettings
[DEBUG] 2025-04-23 22:57:17.989 [main] PackageRelationshipCollection - Parsing relationship: /xl/_rels/workbook.xml.rels
[DEBUG] 2025-04-23 22:57:17.989 [main] PackageRelationshipCollection - Parsing relationship: /xl/worksheets/_rels/sheet1.xml.rels
[DEBUG] 2025-04-23 22:57:17.989 [main] PackageRelationshipCollection - Parsing relationship: /_rels/.rels
[DEBUG] 2025-04-23 22:57:18.005 [main] POIXMLFactory - using default POIXMLDocumentPart for http://schemas.openxmlformats.org/officeDocument/2006/relationships/printerSettings
[DEBUG] 2025-04-23 22:57:18.005 [main] PackageRelationshipCollection - Parsing relationship: /xl/_rels/workbook.xml.rels
[DEBUG] 2025-04-23 22:57:18.005 [main] PackageRelationshipCollection - Parsing relationship: /xl/worksheets/_rels/sheet1.xml.rels
[DEBUG] 2025-04-23 22:57:18.005 [main] PackageRelationshipCollection - Parsing relationship: /_rels/.rels
[DEBUG] 2025-04-23 22:57:18.005 [main] POIXMLFactory - using default POIXMLDocumentPart for http://schemas.openxmlformats.org/officeDocument/2006/relationships/printerSettings
[DEBUG] 2025-04-23 22:57:18.005 [main] PackageRelationshipCollection - Parsing relationship: /xl/_rels/workbook.xml.rels
[DEBUG] 2025-04-23 22:57:18.005 [main] PackageRelationshipCollection - Parsing relationship: /xl/worksheets/_rels/sheet1.xml.rels
[DEBUG] 2025-04-23 22:57:18.005 [main] PackageRelationshipCollection - Parsing relationship: /_rels/.rels
[DEBUG] 2025-04-23 22:57:18.017 [main] POIXMLFactory - using default POIXMLDocumentPart for http://schemas.openxmlformats.org/officeDocument/2006/relationships/printerSettings
[DEBUG] 2025-04-23 22:57:18.017 [main] PackageRelationshipCollection - Parsing relationship: /xl/_rels/workbook.xml.rels
[DEBUG] 2025-04-23 22:57:18.017 [main] PackageRelationshipCollection - Parsing relationship: /xl/worksheets/_rels/sheet1.xml.rels
[DEBUG] 2025-04-23 22:57:18.017 [main] PackageRelationshipCollection - Parsing relationship: /_rels/.rels
[DEBUG] 2025-04-23 22:57:18.021 [main] POIXMLFactory - using default POIXMLDocumentPart for http://schemas.openxmlformats.org/officeDocument/2006/relationships/printerSettings
[DEBUG] 2025-04-23 22:57:18.021 [main] PackageRelationshipCollection - Parsing relationship: /xl/_rels/workbook.xml.rels
[DEBUG] 2025-04-23 22:57:18.021 [main] PackageRelationshipCollection - Parsing relationship: /xl/worksheets/_rels/sheet1.xml.rels
[DEBUG] 2025-04-23 22:57:18.021 [main] PackageRelationshipCollection - Parsing relationship: /_rels/.rels
[DEBUG] 2025-04-23 22:57:18.021 [main] POIXMLFactory - using default POIXMLDocumentPart for http://schemas.openxmlformats.org/officeDocument/2006/relationships/printerSettings
[DEBUG] 2025-04-23 22:57:18.021 [main] PackageRelationshipCollection - Parsing relationship: /xl/_rels/workbook.xml.rels
[DEBUG] 2025-04-23 22:57:18.021 [main] PackageRelationshipCollection - Parsing relationship: /xl/worksheets/_rels/sheet1.xml.rels
[DEBUG] 2025-04-23 22:57:18.021 [main] PackageRelationshipCollection - Parsing relationship: /_rels/.rels
[DEBUG] 2025-04-23 22:57:18.021 [main] POIXMLFactory - using default POIXMLDocumentPart for http://schemas.openxmlformats.org/officeDocument/2006/relationships/printerSettings
[DEBUG] 2025-04-23 22:57:18.037 [main] PackageRelationshipCollection - Parsing relationship: /xl/_rels/workbook.xml.rels
[DEBUG] 2025-04-23 22:57:18.037 [main] PackageRelationshipCollection - Parsing relationship: /xl/worksheets/_rels/sheet1.xml.rels
[DEBUG] 2025-04-23 22:57:18.037 [main] PackageRelationshipCollection - Parsing relationship: /_rels/.rels
[DEBUG] 2025-04-23 22:57:18.037 [main] POIXMLFactory - using default POIXMLDocumentPart for http://schemas.openxmlformats.org/officeDocument/2006/relationships/printerSettings
[DEBUG] 2025-04-23 22:57:18.037 [main] PackageRelationshipCollection - Parsing relationship: /xl/_rels/workbook.xml.rels
[DEBUG] 2025-04-23 22:57:18.037 [main] PackageRelationshipCollection - Parsing relationship: /xl/worksheets/_rels/sheet1.xml.rels
[DEBUG] 2025-04-23 22:57:18.037 [main] PackageRelationshipCollection - Parsing relationship: /_rels/.rels
[DEBUG] 2025-04-23 22:57:18.037 [main] POIXMLFactory - using default POIXMLDocumentPart for http://schemas.openxmlformats.org/officeDocument/2006/relationships/printerSettings
[DEBUG] 2025-04-23 22:57:18.037 [main] PackageRelationshipCollection - Parsing relationship: /xl/_rels/workbook.xml.rels
[DEBUG] 2025-04-23 22:57:18.037 [main] PackageRelationshipCollection - Parsing relationship: /xl/worksheets/_rels/sheet1.xml.rels
[DEBUG] 2025-04-23 22:57:18.037 [main] PackageRelationshipCollection - Parsing relationship: /_rels/.rels
[DEBUG] 2025-04-23 22:57:18.037 [main] POIXMLFactory - using default POIXMLDocumentPart for http://schemas.openxmlformats.org/officeDocument/2006/relationships/printerSettings
[DEBUG] 2025-04-23 22:57:18.053 [main] PackageRelationshipCollection - Parsing relationship: /xl/_rels/workbook.xml.rels
[DEBUG] 2025-04-23 22:57:18.053 [main] PackageRelationshipCollection - Parsing relationship: /xl/worksheets/_rels/sheet1.xml.rels
[DEBUG] 2025-04-23 22:57:18.053 [main] PackageRelationshipCollection - Parsing relationship: /_rels/.rels
[DEBUG] 2025-04-23 22:57:18.055 [main] POIXMLFactory - using default POIXMLDocumentPart for http://schemas.openxmlformats.org/officeDocument/2006/relationships/printerSettings
[DEBUG] 2025-04-23 22:57:18.059 [main] PackageRelationshipCollection - Parsing relationship: /xl/_rels/workbook.xml.rels
[DEBUG] 2025-04-23 22:57:18.059 [main] PackageRelationshipCollection - Parsing relationship: /xl/worksheets/_rels/sheet1.xml.rels
[DEBUG] 2025-04-23 22:57:18.059 [main] PackageRelationshipCollection - Parsing relationship: /_rels/.rels
[DEBUG] 2025-04-23 22:57:18.061 [main] POIXMLFactory - using default POIXMLDocumentPart for http://schemas.openxmlformats.org/officeDocument/2006/relationships/printerSettings
[DEBUG] 2025-04-23 22:57:18.063 [main] PackageRelationshipCollection - Parsing relationship: /xl/_rels/workbook.xml.rels
[DEBUG] 2025-04-23 22:57:18.063 [main] PackageRelationshipCollection - Parsing relationship: /xl/worksheets/_rels/sheet1.xml.rels
[DEBUG] 2025-04-23 22:57:18.063 [main] PackageRelationshipCollection - Parsing relationship: /_rels/.rels
[DEBUG] 2025-04-23 22:57:18.065 [main] POIXMLFactory - using default POIXMLDocumentPart for http://schemas.openxmlformats.org/officeDocument/2006/relationships/printerSettings
[DEBUG] 2025-04-23 22:57:18.068 [main] PackageRelationshipCollection - Parsing relationship: /xl/_rels/workbook.xml.rels
[DEBUG] 2025-04-23 22:57:18.068 [main] PackageRelationshipCollection - Parsing relationship: /xl/worksheets/_rels/sheet1.xml.rels
[DEBUG] 2025-04-23 22:57:18.068 [main] PackageRelationshipCollection - Parsing relationship: /_rels/.rels
[DEBUG] 2025-04-23 22:57:18.072 [main] POIXMLFactory - using default POIXMLDocumentPart for http://schemas.openxmlformats.org/officeDocument/2006/relationships/printerSettings
[DEBUG] 2025-04-23 22:57:18.082 [main] PackageRelationshipCollection - Parsing relationship: /xl/_rels/workbook.xml.rels
[DEBUG] 2025-04-23 22:57:18.082 [main] PackageRelationshipCollection - Parsing relationship: /xl/worksheets/_rels/sheet1.xml.rels
[DEBUG] 2025-04-23 22:57:18.084 [main] PackageRelationshipCollection - Parsing relationship: /_rels/.rels
[DEBUG] 2025-04-23 22:57:18.084 [main] POIXMLFactory - using default POIXMLDocumentPart for http://schemas.openxmlformats.org/officeDocument/2006/relationships/printerSettings
[DEBUG] 2025-04-23 22:57:18.084 [main] PackageRelationshipCollection - Parsing relationship: /xl/_rels/workbook.xml.rels
[DEBUG] 2025-04-23 22:57:18.084 [main] PackageRelationshipCollection - Parsing relationship: /xl/worksheets/_rels/sheet1.xml.rels
[DEBUG] 2025-04-23 22:57:18.084 [main] PackageRelationshipCollection - Parsing relationship: /_rels/.rels
[DEBUG] 2025-04-23 22:57:18.084 [main] POIXMLFactory - using default POIXMLDocumentPart for http://schemas.openxmlformats.org/officeDocument/2006/relationships/printerSettings
[DEBUG] 2025-04-23 22:57:18.084 [main] PackageRelationshipCollection - Parsing relationship: /xl/_rels/workbook.xml.rels
[DEBUG] 2025-04-23 22:57:18.084 [main] PackageRelationshipCollection - Parsing relationship: /xl/worksheets/_rels/sheet1.xml.rels
[DEBUG] 2025-04-23 22:57:18.084 [main] PackageRelationshipCollection - Parsing relationship: /_rels/.rels
[DEBUG] 2025-04-23 22:57:18.084 [main] POIXMLFactory - using default POIXMLDocumentPart for http://schemas.openxmlformats.org/officeDocument/2006/relationships/printerSettings
[DEBUG] 2025-04-23 22:57:18.100 [main] PackageRelationshipCollection - Parsing relationship: /xl/_rels/workbook.xml.rels
[DEBUG] 2025-04-23 22:57:18.100 [main] PackageRelationshipCollection - Parsing relationship: /xl/worksheets/_rels/sheet1.xml.rels
[DEBUG] 2025-04-23 22:57:18.102 [main] PackageRelationshipCollection - Parsing relationship: /_rels/.rels
[DEBUG] 2025-04-23 22:57:18.106 [main] POIXMLFactory - using default POIXMLDocumentPart for http://schemas.openxmlformats.org/officeDocument/2006/relationships/printerSettings
[DEBUG] 2025-04-23 22:57:18.108 [main] PackageRelationshipCollection - Parsing relationship: /xl/_rels/workbook.xml.rels
[DEBUG] 2025-04-23 22:57:18.108 [main] PackageRelationshipCollection - Parsing relationship: /xl/worksheets/_rels/sheet1.xml.rels
[DEBUG] 2025-04-23 22:57:18.110 [main] PackageRelationshipCollection - Parsing relationship: /_rels/.rels
[DEBUG] 2025-04-23 22:57:18.112 [main] POIXMLFactory - using default POIXMLDocumentPart for http://schemas.openxmlformats.org/officeDocument/2006/relationships/printerSettings
[DEBUG] 2025-04-23 22:57:18.114 [main] PackageRelationshipCollection - Parsing relationship: /xl/_rels/workbook.xml.rels
[DEBUG] 2025-04-23 22:57:18.114 [main] PackageRelationshipCollection - Parsing relationship: /xl/worksheets/_rels/sheet1.xml.rels
[DEBUG] 2025-04-23 22:57:18.114 [main] PackageRelationshipCollection - Parsing relationship: /_rels/.rels
[DEBUG] 2025-04-23 22:57:18.117 [main] POIXMLFactory - using default POIXMLDocumentPart for http://schemas.openxmlformats.org/officeDocument/2006/relationships/printerSettings
[DEBUG] 2025-04-23 22:57:18.119 [main] PackageRelationshipCollection - Parsing relationship: /xl/_rels/workbook.xml.rels
[DEBUG] 2025-04-23 22:57:18.121 [main] PackageRelationshipCollection - Parsing relationship: /xl/worksheets/_rels/sheet1.xml.rels
[DEBUG] 2025-04-23 22:57:18.121 [main] PackageRelationshipCollection - Parsing relationship: /_rels/.rels
[DEBUG] 2025-04-23 22:57:18.123 [main] POIXMLFactory - using default POIXMLDocumentPart for http://schemas.openxmlformats.org/officeDocument/2006/relationships/printerSettings
[DEBUG] 2025-04-23 22:57:18.127 [main] PackageRelationshipCollection - Parsing relationship: /xl/_rels/workbook.xml.rels
[DEBUG] 2025-04-23 22:57:18.127 [main] PackageRelationshipCollection - Parsing relationship: /xl/worksheets/_rels/sheet1.xml.rels
[DEBUG] 2025-04-23 22:57:18.129 [main] PackageRelationshipCollection - Parsing relationship: /_rels/.rels
[DEBUG] 2025-04-23 22:57:18.132 [main] POIXMLFactory - using default POIXMLDocumentPart for http://schemas.openxmlformats.org/officeDocument/2006/relationships/printerSettings
[DEBUG] 2025-04-23 22:57:18.137 [main] PackageRelationshipCollection - Parsing relationship: /xl/_rels/workbook.xml.rels
[DEBUG] 2025-04-23 22:57:18.137 [main] PackageRelationshipCollection - Parsing relationship: /xl/worksheets/_rels/sheet1.xml.rels
[DEBUG] 2025-04-23 22:57:18.137 [main] PackageRelationshipCollection - Parsing relationship: /_rels/.rels
[DEBUG] 2025-04-23 22:57:18.139 [main] POIXMLFactory - using default POIXMLDocumentPart for http://schemas.openxmlformats.org/officeDocument/2006/relationships/printerSettings
[DEBUG] 2025-04-23 22:57:18.143 [main] PackageRelationshipCollection - Parsing relationship: /xl/_rels/workbook.xml.rels
[DEBUG] 2025-04-23 22:57:18.143 [main] PackageRelationshipCollection - Parsing relationship: /xl/worksheets/_rels/sheet1.xml.rels
[DEBUG] 2025-04-23 22:57:18.143 [main] PackageRelationshipCollection - Parsing relationship: /_rels/.rels
[DEBUG] 2025-04-23 22:57:18.145 [main] POIXMLFactory - using default POIXMLDocumentPart for http://schemas.openxmlformats.org/officeDocument/2006/relationships/printerSettings
[DEBUG] 2025-04-23 22:57:18.147 [main] PackageRelationshipCollection - Parsing relationship: /xl/_rels/workbook.xml.rels
[DEBUG] 2025-04-23 22:57:18.147 [main] PackageRelationshipCollection - Parsing relationship: /xl/worksheets/_rels/sheet1.xml.rels
[DEBUG] 2025-04-23 22:57:18.147 [main] PackageRelationshipCollection - Parsing relationship: /_rels/.rels
[DEBUG] 2025-04-23 22:57:18.151 [main] POIXMLFactory - using default POIXMLDocumentPart for http://schemas.openxmlformats.org/officeDocument/2006/relationships/printerSettings
[DEBUG] 2025-04-23 22:57:18.153 [main] PackageRelationshipCollection - Parsing relationship: /xl/_rels/workbook.xml.rels
[DEBUG] 2025-04-23 22:57:18.153 [main] PackageRelationshipCollection - Parsing relationship: /xl/worksheets/_rels/sheet1.xml.rels
[DEBUG] 2025-04-23 22:57:18.153 [main] PackageRelationshipCollection - Parsing relationship: /_rels/.rels
[DEBUG] 2025-04-23 22:57:18.157 [main] POIXMLFactory - using default POIXMLDocumentPart for http://schemas.openxmlformats.org/officeDocument/2006/relationships/printerSettings
[DEBUG] 2025-04-23 22:57:18.159 [main] PackageRelationshipCollection - Parsing relationship: /xl/_rels/workbook.xml.rels
[DEBUG] 2025-04-23 22:57:18.159 [main] PackageRelationshipCollection - Parsing relationship: /xl/worksheets/_rels/sheet1.xml.rels
[DEBUG] 2025-04-23 22:57:18.159 [main] PackageRelationshipCollection - Parsing relationship: /_rels/.rels
[DEBUG] 2025-04-23 22:57:18.161 [main] POIXMLFactory - using default POIXMLDocumentPart for http://schemas.openxmlformats.org/officeDocument/2006/relationships/printerSettings
[DEBUG] 2025-04-23 22:57:18.165 [main] PackageRelationshipCollection - Parsing relationship: /xl/_rels/workbook.xml.rels
[DEBUG] 2025-04-23 22:57:18.165 [main] PackageRelationshipCollection - Parsing relationship: /xl/worksheets/_rels/sheet1.xml.rels
[DEBUG] 2025-04-23 22:57:18.165 [main] PackageRelationshipCollection - Parsing relationship: /_rels/.rels
[DEBUG] 2025-04-23 22:57:18.165 [main] POIXMLFactory - using default POIXMLDocumentPart for http://schemas.openxmlformats.org/officeDocument/2006/relationships/printerSettings
[DEBUG] 2025-04-23 22:57:18.165 [main] PackageRelationshipCollection - Parsing relationship: /xl/_rels/workbook.xml.rels
[DEBUG] 2025-04-23 22:57:18.165 [main] PackageRelationshipCollection - Parsing relationship: /xl/worksheets/_rels/sheet1.xml.rels
[DEBUG] 2025-04-23 22:57:18.165 [main] PackageRelationshipCollection - Parsing relationship: /_rels/.rels
[DEBUG] 2025-04-23 22:57:18.165 [main] POIXMLFactory - using default POIXMLDocumentPart for http://schemas.openxmlformats.org/officeDocument/2006/relationships/printerSettings
[DEBUG] 2025-04-23 22:57:18.165 [main] PackageRelationshipCollection - Parsing relationship: /xl/_rels/workbook.xml.rels
[DEBUG] 2025-04-23 22:57:18.165 [main] PackageRelationshipCollection - Parsing relationship: /xl/worksheets/_rels/sheet1.xml.rels
[DEBUG] 2025-04-23 22:57:18.165 [main] PackageRelationshipCollection - Parsing relationship: /_rels/.rels
[DEBUG] 2025-04-23 22:57:18.165 [main] POIXMLFactory - using default POIXMLDocumentPart for http://schemas.openxmlformats.org/officeDocument/2006/relationships/printerSettings
[DEBUG] 2025-04-23 22:57:18.179 [main] PackageRelationshipCollection - Parsing relationship: /xl/_rels/workbook.xml.rels
[DEBUG] 2025-04-23 22:57:18.179 [main] PackageRelationshipCollection - Parsing relationship: /xl/worksheets/_rels/sheet1.xml.rels
[DEBUG] 2025-04-23 22:57:18.179 [main] PackageRelationshipCollection - Parsing relationship: /_rels/.rels
[DEBUG] 2025-04-23 22:57:18.179 [main] POIXMLFactory - using default POIXMLDocumentPart for http://schemas.openxmlformats.org/officeDocument/2006/relationships/printerSettings
[DEBUG] 2025-04-23 22:57:18.179 [main] PackageRelationshipCollection - Parsing relationship: /xl/_rels/workbook.xml.rels
[DEBUG] 2025-04-23 22:57:18.179 [main] PackageRelationshipCollection - Parsing relationship: /xl/worksheets/_rels/sheet1.xml.rels
[DEBUG] 2025-04-23 22:57:18.179 [main] PackageRelationshipCollection - Parsing relationship: /_rels/.rels
[DEBUG] 2025-04-23 22:57:18.179 [main] POIXMLFactory - using default POIXMLDocumentPart for http://schemas.openxmlformats.org/officeDocument/2006/relationships/printerSettings
[DEBUG] 2025-04-23 22:57:18.179 [main] PackageRelationshipCollection - Parsing relationship: /xl/_rels/workbook.xml.rels
[DEBUG] 2025-04-23 22:57:18.179 [main] PackageRelationshipCollection - Parsing relationship: /xl/worksheets/_rels/sheet1.xml.rels
[DEBUG] 2025-04-23 22:57:18.179 [main] PackageRelationshipCollection - Parsing relationship: /_rels/.rels
[DEBUG] 2025-04-23 22:57:18.179 [main] POIXMLFactory - using default POIXMLDocumentPart for http://schemas.openxmlformats.org/officeDocument/2006/relationships/printerSettings
[DEBUG] 2025-04-23 22:57:18.195 [main] PackageRelationshipCollection - Parsing relationship: /xl/_rels/workbook.xml.rels
[DEBUG] 2025-04-23 22:57:18.195 [main] PackageRelationshipCollection - Parsing relationship: /xl/worksheets/_rels/sheet1.xml.rels
[DEBUG] 2025-04-23 22:57:18.195 [main] PackageRelationshipCollection - Parsing relationship: /_rels/.rels
[DEBUG] 2025-04-23 22:57:18.195 [main] POIXMLFactory - using default POIXMLDocumentPart for http://schemas.openxmlformats.org/officeDocument/2006/relationships/printerSettings
[DEBUG] 2025-04-23 22:57:18.195 [main] PackageRelationshipCollection - Parsing relationship: /xl/_rels/workbook.xml.rels
[DEBUG] 2025-04-23 22:57:18.195 [main] PackageRelationshipCollection - Parsing relationship: /xl/worksheets/_rels/sheet1.xml.rels
[DEBUG] 2025-04-23 22:57:18.195 [main] PackageRelationshipCollection - Parsing relationship: /_rels/.rels
[DEBUG] 2025-04-23 22:57:18.195 [main] POIXMLFactory - using default POIXMLDocumentPart for http://schemas.openxmlformats.org/officeDocument/2006/relationships/printerSettings
[DEBUG] 2025-04-23 22:57:18.195 [main] PackageRelationshipCollection - Parsing relationship: /xl/_rels/workbook.xml.rels
[DEBUG] 2025-04-23 22:57:18.195 [main] PackageRelationshipCollection - Parsing relationship: /xl/worksheets/_rels/sheet1.xml.rels
[DEBUG] 2025-04-23 22:57:18.195 [main] PackageRelationshipCollection - Parsing relationship: /_rels/.rels
[DEBUG] 2025-04-23 22:57:18.195 [main] POIXMLFactory - using default POIXMLDocumentPart for http://schemas.openxmlformats.org/officeDocument/2006/relationships/printerSettings
[DEBUG] 2025-04-23 22:57:18.211 [main] PackageRelationshipCollection - Parsing relationship: /xl/_rels/workbook.xml.rels
[DEBUG] 2025-04-23 22:57:18.211 [main] PackageRelationshipCollection - Parsing relationship: /xl/worksheets/_rels/sheet1.xml.rels
[DEBUG] 2025-04-23 22:57:18.211 [main] PackageRelationshipCollection - Parsing relationship: /_rels/.rels
[DEBUG] 2025-04-23 22:57:18.211 [main] POIXMLFactory - using default POIXMLDocumentPart for http://schemas.openxmlformats.org/officeDocument/2006/relationships/printerSettings
[DEBUG] 2025-04-23 22:57:18.217 [main] PackageRelationshipCollection - Parsing relationship: /xl/_rels/workbook.xml.rels
[DEBUG] 2025-04-23 22:57:18.217 [main] PackageRelationshipCollection - Parsing relationship: /xl/worksheets/_rels/sheet1.xml.rels
[DEBUG] 2025-04-23 22:57:18.217 [main] PackageRelationshipCollection - Parsing relationship: /_rels/.rels
[DEBUG] 2025-04-23 22:57:18.217 [main] POIXMLFactory - using default POIXMLDocumentPart for http://schemas.openxmlformats.org/officeDocument/2006/relationships/printerSettings
[DEBUG] 2025-04-23 22:57:18.217 [main] PackageRelationshipCollection - Parsing relationship: /xl/_rels/workbook.xml.rels
[DEBUG] 2025-04-23 22:57:18.217 [main] PackageRelationshipCollection - Parsing relationship: /xl/worksheets/_rels/sheet1.xml.rels
[DEBUG] 2025-04-23 22:57:18.217 [main] PackageRelationshipCollection - Parsing relationship: /_rels/.rels
[DEBUG] 2025-04-23 22:57:18.217 [main] POIXMLFactory - using default POIXMLDocumentPart for http://schemas.openxmlformats.org/officeDocument/2006/relationships/printerSettings
[DEBUG] 2025-04-23 22:57:18.227 [main] PackageRelationshipCollection - Parsing relationship: /xl/_rels/workbook.xml.rels
[DEBUG] 2025-04-23 22:57:18.227 [main] PackageRelationshipCollection - Parsing relationship: /xl/worksheets/_rels/sheet1.xml.rels
[DEBUG] 2025-04-23 22:57:18.227 [main] PackageRelationshipCollection - Parsing relationship: /_rels/.rels
[DEBUG] 2025-04-23 22:57:18.230 [main] POIXMLFactory - using default POIXMLDocumentPart for http://schemas.openxmlformats.org/officeDocument/2006/relationships/printerSettings
[DEBUG] 2025-04-23 22:57:18.230 [main] PackageRelationshipCollection - Parsing relationship: /xl/_rels/workbook.xml.rels
[DEBUG] 2025-04-23 22:57:18.230 [main] PackageRelationshipCollection - Parsing relationship: /xl/worksheets/_rels/sheet1.xml.rels
[DEBUG] 2025-04-23 22:57:18.230 [main] PackageRelationshipCollection - Parsing relationship: /_rels/.rels
[DEBUG] 2025-04-23 22:57:18.230 [main] POIXMLFactory - using default POIXMLDocumentPart for http://schemas.openxmlformats.org/officeDocument/2006/relationships/printerSettings
[DEBUG] 2025-04-23 22:57:18.230 [main] PackageRelationshipCollection - Parsing relationship: /xl/_rels/workbook.xml.rels
[DEBUG] 2025-04-23 22:57:18.230 [main] PackageRelationshipCollection - Parsing relationship: /xl/worksheets/_rels/sheet1.xml.rels
[DEBUG] 2025-04-23 22:57:18.230 [main] PackageRelationshipCollection - Parsing relationship: /_rels/.rels
[DEBUG] 2025-04-23 22:57:18.243 [main] POIXMLFactory - using default POIXMLDocumentPart for http://schemas.openxmlformats.org/officeDocument/2006/relationships/printerSettings
[DEBUG] 2025-04-23 22:57:18.247 [main] PackageRelationshipCollection - Parsing relationship: /xl/_rels/workbook.xml.rels
[DEBUG] 2025-04-23 22:57:18.247 [main] PackageRelationshipCollection - Parsing relationship: /xl/worksheets/_rels/sheet1.xml.rels
[DEBUG] 2025-04-23 22:57:18.247 [main] PackageRelationshipCollection - Parsing relationship: /_rels/.rels
[DEBUG] 2025-04-23 22:57:18.257 [main] POIXMLFactory - using default POIXMLDocumentPart for http://schemas.openxmlformats.org/officeDocument/2006/relationships/printerSettings
[DEBUG] 2025-04-23 22:57:18.259 [main] PackageRelationshipCollection - Parsing relationship: /xl/_rels/workbook.xml.rels
[DEBUG] 2025-04-23 22:57:18.259 [main] PackageRelationshipCollection - Parsing relationship: /xl/worksheets/_rels/sheet1.xml.rels
[DEBUG] 2025-04-23 22:57:18.259 [main] PackageRelationshipCollection - Parsing relationship: /_rels/.rels
[DEBUG] 2025-04-23 22:57:18.259 [main] POIXMLFactory - using default POIXMLDocumentPart for http://schemas.openxmlformats.org/officeDocument/2006/relationships/printerSettings
[DEBUG] 2025-04-23 22:57:18.259 [main] PackageRelationshipCollection - Parsing relationship: /xl/_rels/workbook.xml.rels
[DEBUG] 2025-04-23 22:57:18.259 [main] PackageRelationshipCollection - Parsing relationship: /xl/worksheets/_rels/sheet1.xml.rels
[DEBUG] 2025-04-23 22:57:18.259 [main] PackageRelationshipCollection - Parsing relationship: /_rels/.rels
[DEBUG] 2025-04-23 22:57:18.259 [main] POIXMLFactory - using default POIXMLDocumentPart for http://schemas.openxmlformats.org/officeDocument/2006/relationships/printerSettings
[DEBUG] 2025-04-23 22:57:18.259 [main] PackageRelationshipCollection - Parsing relationship: /xl/_rels/workbook.xml.rels
[DEBUG] 2025-04-23 22:57:18.259 [main] PackageRelationshipCollection - Parsing relationship: /xl/worksheets/_rels/sheet1.xml.rels
[DEBUG] 2025-04-23 22:57:18.259 [main] PackageRelationshipCollection - Parsing relationship: /_rels/.rels
[DEBUG] 2025-04-23 22:57:18.275 [main] POIXMLFactory - using default POIXMLDocumentPart for http://schemas.openxmlformats.org/officeDocument/2006/relationships/printerSettings
[DEBUG] 2025-04-23 22:57:18.279 [main] PackageRelationshipCollection - Parsing relationship: /xl/_rels/workbook.xml.rels
[DEBUG] 2025-04-23 22:57:18.279 [main] PackageRelationshipCollection - Parsing relationship: /xl/worksheets/_rels/sheet1.xml.rels
[DEBUG] 2025-04-23 22:57:18.279 [main] PackageRelationshipCollection - Parsing relationship: /_rels/.rels
[DEBUG] 2025-04-23 22:57:18.281 [main] POIXMLFactory - using default POIXMLDocumentPart for http://schemas.openxmlformats.org/officeDocument/2006/relationships/printerSettings
[DEBUG] 2025-04-23 22:57:18.284 [main] PackageRelationshipCollection - Parsing relationship: /xl/_rels/workbook.xml.rels
[DEBUG] 2025-04-23 22:57:18.284 [main] PackageRelationshipCollection - Parsing relationship: /xl/worksheets/_rels/sheet1.xml.rels
[DEBUG] 2025-04-23 22:57:18.284 [main] PackageRelationshipCollection - Parsing relationship: /_rels/.rels
[DEBUG] 2025-04-23 22:57:18.286 [main] POIXMLFactory - using default POIXMLDocumentPart for http://schemas.openxmlformats.org/officeDocument/2006/relationships/printerSettings
[DEBUG] 2025-04-23 22:57:18.288 [main] PackageRelationshipCollection - Parsing relationship: /xl/_rels/workbook.xml.rels
[DEBUG] 2025-04-23 22:57:18.288 [main] PackageRelationshipCollection - Parsing relationship: /xl/worksheets/_rels/sheet1.xml.rels
[DEBUG] 2025-04-23 22:57:18.288 [main] PackageRelationshipCollection - Parsing relationship: /_rels/.rels
[DEBUG] 2025-04-23 22:57:18.291 [main] POIXMLFactory - using default POIXMLDocumentPart for http://schemas.openxmlformats.org/officeDocument/2006/relationships/printerSettings
[DEBUG] 2025-04-23 22:57:18.295 [main] PackageRelationshipCollection - Parsing relationship: /xl/_rels/workbook.xml.rels
[DEBUG] 2025-04-23 22:57:18.295 [main] PackageRelationshipCollection - Parsing relationship: /xl/worksheets/_rels/sheet1.xml.rels
[DEBUG] 2025-04-23 22:57:18.295 [main] PackageRelationshipCollection - Parsing relationship: /_rels/.rels
[DEBUG] 2025-04-23 22:57:18.297 [main] POIXMLFactory - using default POIXMLDocumentPart for http://schemas.openxmlformats.org/officeDocument/2006/relationships/printerSettings
[DEBUG] 2025-04-23 22:57:18.299 [main] PackageRelationshipCollection - Parsing relationship: /xl/_rels/workbook.xml.rels
[DEBUG] 2025-04-23 22:57:18.301 [main] PackageRelationshipCollection - Parsing relationship: /xl/worksheets/_rels/sheet1.xml.rels
[DEBUG] 2025-04-23 22:57:18.301 [main] PackageRelationshipCollection - Parsing relationship: /_rels/.rels
[DEBUG] 2025-04-23 22:57:18.302 [main] POIXMLFactory - using default POIXMLDocumentPart for http://schemas.openxmlformats.org/officeDocument/2006/relationships/printerSettings
[DEBUG] 2025-04-23 22:57:18.304 [main] PackageRelationshipCollection - Parsing relationship: /xl/_rels/workbook.xml.rels
[DEBUG] 2025-04-23 22:57:18.307 [main] PackageRelationshipCollection - Parsing relationship: /xl/worksheets/_rels/sheet1.xml.rels
[DEBUG] 2025-04-23 22:57:18.307 [main] PackageRelationshipCollection - Parsing relationship: /_rels/.rels
[DEBUG] 2025-04-23 22:57:18.307 [main] POIXMLFactory - using default POIXMLDocumentPart for http://schemas.openxmlformats.org/officeDocument/2006/relationships/printerSettings
[DEBUG] 2025-04-23 22:57:18.310 [main] PackageRelationshipCollection - Parsing relationship: /xl/_rels/workbook.xml.rels
[DEBUG] 2025-04-23 22:57:18.310 [main] PackageRelationshipCollection - Parsing relationship: /xl/worksheets/_rels/sheet1.xml.rels
[DEBUG] 2025-04-23 22:57:18.310 [main] PackageRelationshipCollection - Parsing relationship: /_rels/.rels
[DEBUG] 2025-04-23 22:57:18.310 [main] POIXMLFactory - using default POIXMLDocumentPart for http://schemas.openxmlformats.org/officeDocument/2006/relationships/printerSettings
[DEBUG] 2025-04-23 22:57:18.317 [main] PackageRelationshipCollection - Parsing relationship: /xl/_rels/workbook.xml.rels
[DEBUG] 2025-04-23 22:57:18.317 [main] PackageRelationshipCollection - Parsing relationship: /xl/worksheets/_rels/sheet1.xml.rels
[DEBUG] 2025-04-23 22:57:18.317 [main] PackageRelationshipCollection - Parsing relationship: /_rels/.rels
[DEBUG] 2025-04-23 22:57:18.317 [main] POIXMLFactory - using default POIXMLDocumentPart for http://schemas.openxmlformats.org/officeDocument/2006/relationships/printerSettings
[DEBUG] 2025-04-23 22:57:18.323 [main] PackageRelationshipCollection - Parsing relationship: /xl/_rels/workbook.xml.rels
[DEBUG] 2025-04-23 22:57:18.323 [main] PackageRelationshipCollection - Parsing relationship: /xl/worksheets/_rels/sheet1.xml.rels
[DEBUG] 2025-04-23 22:57:18.323 [main] PackageRelationshipCollection - Parsing relationship: /_rels/.rels
[DEBUG] 2025-04-23 22:57:18.323 [main] POIXMLFactory - using default POIXMLDocumentPart for http://schemas.openxmlformats.org/officeDocument/2006/relationships/printerSettings
[DEBUG] 2025-04-23 22:57:18.323 [main] PackageRelationshipCollection - Parsing relationship: /xl/_rels/workbook.xml.rels
[DEBUG] 2025-04-23 22:57:18.323 [main] PackageRelationshipCollection - Parsing relationship: /xl/worksheets/_rels/sheet1.xml.rels
[DEBUG] 2025-04-23 22:57:18.323 [main] PackageRelationshipCollection - Parsing relationship: /_rels/.rels
[DEBUG] 2025-04-23 22:57:18.323 [main] POIXMLFactory - using default POIXMLDocumentPart for http://schemas.openxmlformats.org/officeDocument/2006/relationships/printerSettings
[DEBUG] 2025-04-23 22:57:18.323 [main] PackageRelationshipCollection - Parsing relationship: /xl/_rels/workbook.xml.rels
[DEBUG] 2025-04-23 22:57:18.323 [main] PackageRelationshipCollection - Parsing relationship: /xl/worksheets/_rels/sheet1.xml.rels
[DEBUG] 2025-04-23 22:57:18.323 [main] PackageRelationshipCollection - Parsing relationship: /_rels/.rels
[DEBUG] 2025-04-23 22:57:18.338 [main] POIXMLFactory - using default POIXMLDocumentPart for http://schemas.openxmlformats.org/officeDocument/2006/relationships/printerSettings
[DEBUG] 2025-04-23 22:57:18.338 [main] PackageRelationshipCollection - Parsing relationship: /xl/_rels/workbook.xml.rels
[DEBUG] 2025-04-23 22:57:18.338 [main] PackageRelationshipCollection - Parsing relationship: /xl/worksheets/_rels/sheet1.xml.rels
[DEBUG] 2025-04-23 22:57:18.338 [main] PackageRelationshipCollection - Parsing relationship: /_rels/.rels
[DEBUG] 2025-04-23 22:57:18.338 [main] POIXMLFactory - using default POIXMLDocumentPart for http://schemas.openxmlformats.org/officeDocument/2006/relationships/printerSettings
[DEBUG] 2025-04-23 22:57:18.338 [main] PackageRelationshipCollection - Parsing relationship: /xl/_rels/workbook.xml.rels
[DEBUG] 2025-04-23 22:57:18.338 [main] PackageRelationshipCollection - Parsing relationship: /xl/worksheets/_rels/sheet1.xml.rels
[DEBUG] 2025-04-23 22:57:18.338 [main] PackageRelationshipCollection - Parsing relationship: /_rels/.rels
[DEBUG] 2025-04-23 22:57:18.355 [main] POIXMLFactory - using default POIXMLDocumentPart for http://schemas.openxmlformats.org/officeDocument/2006/relationships/printerSettings
[DEBUG] 2025-04-23 22:57:18.359 [main] PackageRelationshipCollection - Parsing relationship: /xl/_rels/workbook.xml.rels
[DEBUG] 2025-04-23 22:57:18.359 [main] PackageRelationshipCollection - Parsing relationship: /xl/worksheets/_rels/sheet1.xml.rels
[DEBUG] 2025-04-23 22:57:18.359 [main] PackageRelationshipCollection - Parsing relationship: /_rels/.rels
[DEBUG] 2025-04-23 22:57:18.359 [main] POIXMLFactory - using default POIXMLDocumentPart for http://schemas.openxmlformats.org/officeDocument/2006/relationships/printerSettings
[DEBUG] 2025-04-23 22:57:18.359 [main] PackageRelationshipCollection - Parsing relationship: /xl/_rels/workbook.xml.rels
[DEBUG] 2025-04-23 22:57:18.359 [main] PackageRelationshipCollection - Parsing relationship: /xl/worksheets/_rels/sheet1.xml.rels
[DEBUG] 2025-04-23 22:57:18.359 [main] PackageRelationshipCollection - Parsing relationship: /_rels/.rels
[DEBUG] 2025-04-23 22:57:18.367 [main] POIXMLFactory - using default POIXMLDocumentPart for http://schemas.openxmlformats.org/officeDocument/2006/relationships/printerSettings
[DEBUG] 2025-04-23 22:57:18.370 [main] PackageRelationshipCollection - Parsing relationship: /xl/_rels/workbook.xml.rels
[DEBUG] 2025-04-23 22:57:18.370 [main] PackageRelationshipCollection - Parsing relationship: /xl/worksheets/_rels/sheet1.xml.rels
[DEBUG] 2025-04-23 22:57:18.370 [main] PackageRelationshipCollection - Parsing relationship: /_rels/.rels
[DEBUG] 2025-04-23 22:57:18.374 [main] POIXMLFactory - using default POIXMLDocumentPart for http://schemas.openxmlformats.org/officeDocument/2006/relationships/printerSettings
[DEBUG] 2025-04-23 22:57:18.380 [main] PackageRelationshipCollection - Parsing relationship: /xl/_rels/workbook.xml.rels
[DEBUG] 2025-04-23 22:57:18.380 [main] PackageRelationshipCollection - Parsing relationship: /xl/worksheets/_rels/sheet1.xml.rels
[DEBUG] 2025-04-23 22:57:18.380 [main] PackageRelationshipCollection - Parsing relationship: /_rels/.rels
[DEBUG] 2025-04-23 22:57:18.380 [main] POIXMLFactory - using default POIXMLDocumentPart for http://schemas.openxmlformats.org/officeDocument/2006/relationships/printerSettings
[DEBUG] 2025-04-23 22:57:18.388 [main] PackageRelationshipCollection - Parsing relationship: /xl/_rels/workbook.xml.rels
[DEBUG] 2025-04-23 22:57:18.388 [main] PackageRelationshipCollection - Parsing relationship: /xl/worksheets/_rels/sheet1.xml.rels
[DEBUG] 2025-04-23 22:57:18.388 [main] PackageRelationshipCollection - Parsing relationship: /_rels/.rels
[DEBUG] 2025-04-23 22:57:18.390 [main] POIXMLFactory - using default POIXMLDocumentPart for http://schemas.openxmlformats.org/officeDocument/2006/relationships/printerSettings
[DEBUG] 2025-04-23 22:57:18.395 [main] PackageRelationshipCollection - Parsing relationship: /xl/_rels/workbook.xml.rels
[DEBUG] 2025-04-23 22:57:18.395 [main] PackageRelationshipCollection - Parsing relationship: /xl/worksheets/_rels/sheet1.xml.rels
[DEBUG] 2025-04-23 22:57:18.395 [main] PackageRelationshipCollection - Parsing relationship: /_rels/.rels
[DEBUG] 2025-04-23 22:57:18.397 [main] POIXMLFactory - using default POIXMLDocumentPart for http://schemas.openxmlformats.org/officeDocument/2006/relationships/printerSettings
[DEBUG] 2025-04-23 22:57:18.401 [main] PackageRelationshipCollection - Parsing relationship: /xl/_rels/workbook.xml.rels
[DEBUG] 2025-04-23 22:57:18.401 [main] PackageRelationshipCollection - Parsing relationship: /xl/worksheets/_rels/sheet1.xml.rels
[DEBUG] 2025-04-23 22:57:18.401 [main] PackageRelationshipCollection - Parsing relationship: /_rels/.rels
[DEBUG] 2025-04-23 22:57:18.402 [main] POIXMLFactory - using default POIXMLDocumentPart for http://schemas.openxmlformats.org/officeDocument/2006/relationships/printerSettings
[DEBUG] 2025-04-23 22:57:18.402 [main] PackageRelationshipCollection - Parsing relationship: /xl/_rels/workbook.xml.rels
[DEBUG] 2025-04-23 22:57:18.402 [main] PackageRelationshipCollection - Parsing relationship: /xl/worksheets/_rels/sheet1.xml.rels
[DEBUG] 2025-04-23 22:57:18.402 [main] PackageRelationshipCollection - Parsing relationship: /_rels/.rels
[DEBUG] 2025-04-23 22:57:18.402 [main] POIXMLFactory - using default POIXMLDocumentPart for http://schemas.openxmlformats.org/officeDocument/2006/relationships/printerSettings
[DEBUG] 2025-04-23 22:57:18.402 [main] PackageRelationshipCollection - Parsing relationship: /xl/_rels/workbook.xml.rels
[DEBUG] 2025-04-23 22:57:18.402 [main] PackageRelationshipCollection - Parsing relationship: /xl/worksheets/_rels/sheet1.xml.rels
[DEBUG] 2025-04-23 22:57:18.402 [main] PackageRelationshipCollection - Parsing relationship: /_rels/.rels
[DEBUG] 2025-04-23 22:57:18.402 [main] POIXMLFactory - using default POIXMLDocumentPart for http://schemas.openxmlformats.org/officeDocument/2006/relationships/printerSettings
[DEBUG] 2025-04-23 22:57:18.417 [main] PackageRelationshipCollection - Parsing relationship: /xl/_rels/workbook.xml.rels
[DEBUG] 2025-04-23 22:57:18.417 [main] PackageRelationshipCollection - Parsing relationship: /xl/worksheets/_rels/sheet1.xml.rels
[DEBUG] 2025-04-23 22:57:18.417 [main] PackageRelationshipCollection - Parsing relationship: /_rels/.rels
[DEBUG] 2025-04-23 22:57:18.420 [main] POIXMLFactory - using default POIXMLDocumentPart for http://schemas.openxmlformats.org/officeDocument/2006/relationships/printerSettings
[DEBUG] 2025-04-23 22:57:18.420 [main] PackageRelationshipCollection - Parsing relationship: /xl/_rels/workbook.xml.rels
[DEBUG] 2025-04-23 22:57:18.420 [main] PackageRelationshipCollection - Parsing relationship: /xl/worksheets/_rels/sheet1.xml.rels
[DEBUG] 2025-04-23 22:57:18.420 [main] PackageRelationshipCollection - Parsing relationship: /_rels/.rels
[DEBUG] 2025-04-23 22:57:18.420 [main] POIXMLFactory - using default POIXMLDocumentPart for http://schemas.openxmlformats.org/officeDocument/2006/relationships/printerSettings
[DEBUG] 2025-04-23 22:57:18.420 [main] PackageRelationshipCollection - Parsing relationship: /xl/_rels/workbook.xml.rels
[DEBUG] 2025-04-23 22:57:18.420 [main] PackageRelationshipCollection - Parsing relationship: /xl/worksheets/_rels/sheet1.xml.rels
[DEBUG] 2025-04-23 22:57:18.420 [main] PackageRelationshipCollection - Parsing relationship: /_rels/.rels
[DEBUG] 2025-04-23 22:57:18.420 [main] POIXMLFactory - using default POIXMLDocumentPart for http://schemas.openxmlformats.org/officeDocument/2006/relationships/printerSettings
[DEBUG] 2025-04-23 22:57:18.433 [main] PackageRelationshipCollection - Parsing relationship: /xl/_rels/workbook.xml.rels
[DEBUG] 2025-04-23 22:57:18.433 [main] PackageRelationshipCollection - Parsing relationship: /xl/worksheets/_rels/sheet1.xml.rels
[DEBUG] 2025-04-23 22:57:18.433 [main] PackageRelationshipCollection - Parsing relationship: /_rels/.rels
[DEBUG] 2025-04-23 22:57:18.443 [main] POIXMLFactory - using default POIXMLDocumentPart for http://schemas.openxmlformats.org/officeDocument/2006/relationships/printerSettings
[DEBUG] 2025-04-23 22:57:18.451 [main] PackageRelationshipCollection - Parsing relationship: /xl/_rels/workbook.xml.rels
[DEBUG] 2025-04-23 22:57:18.451 [main] PackageRelationshipCollection - Parsing relationship: /xl/worksheets/_rels/sheet1.xml.rels
[DEBUG] 2025-04-23 22:57:18.451 [main] PackageRelationshipCollection - Parsing relationship: /_rels/.rels
[DEBUG] 2025-04-23 22:57:18.455 [main] POIXMLFactory - using default POIXMLDocumentPart for http://schemas.openxmlformats.org/officeDocument/2006/relationships/printerSettings
